\BOOKMARK [0][-]{chapter.1}{\376\377\0001\000\040\000I\000n\000d\000e\000k\000s\000\040\000h\000i\000e\000r\000a\000r\000c\000h\000i\000c\000z\000n\000y}{}% 1
\BOOKMARK [1][-]{section.1.1}{\376\377\0001\000.\0001\000\040\000H\000i\000e\000r\000a\000r\000c\000h\000i\000a\000\040\000k\000l\000a\000s}{chapter.1}% 2
\BOOKMARK [0][-]{chapter.2}{\376\377\0002\000\040\000I\000n\000d\000e\000k\000s\000\040\000k\000l\000a\000s}{}% 3
\BOOKMARK [1][-]{section.2.1}{\376\377\0002\000.\0001\000\040\000L\000i\000s\000t\000a\000\040\000k\000l\000a\000s}{chapter.2}% 4
\BOOKMARK [0][-]{chapter.3}{\376\377\0003\000\040\000I\000n\000d\000e\000k\000s\000\040\000p\000l\000i\000k\000\363\000w}{}% 5
\BOOKMARK [1][-]{section.3.1}{\376\377\0003\000.\0001\000\040\000L\000i\000s\000t\000a\000\040\000p\000l\000i\000k\000\363\000w}{chapter.3}% 6
\BOOKMARK [0][-]{chapter.4}{\376\377\0004\000\040\000D\000o\000k\000u\000m\000e\000n\000t\000a\000c\000j\000a\000\040\000k\000l\000a\000s}{}% 7
\BOOKMARK [1][-]{section.4.1}{\376\377\0004\000.\0001\000\040\000D\000o\000k\000u\000m\000e\000n\000t\000a\000c\000j\000a\000\040\000k\000l\000a\000s\000y\000\040\000B\000a\000l\000l}{chapter.4}% 8
\BOOKMARK [2][-]{subsection.4.1.1}{\376\377\0004\000.\0001\000.\0001\000\040\000O\000p\000i\000s\000\040\000s\000z\000c\000z\000e\000g\000\363\001\102\000o\000w\000y}{section.4.1}% 9
\BOOKMARK [2][-]{subsection.4.1.2}{\376\377\0004\000.\0001\000.\0002\000\040\000D\000o\000k\000u\000m\000e\000n\000t\000a\000c\000j\000a\000\040\000k\000o\000n\000s\000t\000r\000u\000k\000t\000o\000r\000a\000\040\000i\000\040\000d\000e\000s\000t\000r\000u\000k\000t\000o\000r\000a}{section.4.1}% 10
\BOOKMARK [3][-]{subsubsection.4.1.2.1}{\376\377\0004\000.\0001\000.\0002\000.\0001\000\040\000B\000a\000l\000l\000\050\000\051}{subsection.4.1.2}% 11
\BOOKMARK [2][-]{subsection.4.1.3}{\376\377\0004\000.\0001\000.\0003\000\040\000D\000o\000k\000u\000m\000e\000n\000t\000a\000c\000j\000a\000\040\000f\000u\000n\000k\000c\000j\000i\000\040\000s\000k\001\102\000a\000d\000o\000w\000y\000c\000h}{section.4.1}% 12
\BOOKMARK [3][-]{subsubsection.4.1.3.1}{\376\377\0004\000.\0001\000.\0003\000.\0001\000\040\000a\000p\000p\000l\000y\000I\000m\000p\000u\000l\000s\000e\000\050\000\051}{subsection.4.1.3}% 13
\BOOKMARK [3][-]{subsubsection.4.1.3.2}{\376\377\0004\000.\0001\000.\0003\000.\0002\000\040\000b\000o\000u\000n\000c\000e\000X\000\050\000\051}{subsection.4.1.3}% 14
\BOOKMARK [3][-]{subsubsection.4.1.3.3}{\376\377\0004\000.\0001\000.\0003\000.\0003\000\040\000b\000o\000u\000n\000c\000e\000Y\000\050\000\051}{subsection.4.1.3}% 15
\BOOKMARK [3][-]{subsubsection.4.1.3.4}{\376\377\0004\000.\0001\000.\0003\000.\0004\000\040\000c\000o\000n\000t\000a\000i\000n\000s\000\050\000\051}{subsection.4.1.3}% 16
\BOOKMARK [3][-]{subsubsection.4.1.3.5}{\376\377\0004\000.\0001\000.\0003\000.\0005\000\040\000d\000r\000a\000w\000\050\000\051}{subsection.4.1.3}% 17
\BOOKMARK [3][-]{subsubsection.4.1.3.6}{\376\377\0004\000.\0001\000.\0003\000.\0006\000\040\000g\000e\000t\000P\000o\000s\000i\000t\000i\000o\000n\000\050\000\051}{subsection.4.1.3}% 18
\BOOKMARK [3][-]{subsubsection.4.1.3.7}{\376\377\0004\000.\0001\000.\0003\000.\0007\000\040\000g\000e\000t\000S\000c\000a\000l\000e\000\050\000\051}{subsection.4.1.3}% 19
\BOOKMARK [3][-]{subsubsection.4.1.3.8}{\376\377\0004\000.\0001\000.\0003\000.\0008\000\040\000g\000e\000t\000V\000e\000l\000o\000c\000i\000t\000y\000\050\000\051}{subsection.4.1.3}% 20
\BOOKMARK [3][-]{subsubsection.4.1.3.9}{\376\377\0004\000.\0001\000.\0003\000.\0009\000\040\000i\000n\000v\000e\000r\000t\000V\000e\000l\000o\000c\000i\000t\000y\000\050\000\051}{subsection.4.1.3}% 21
\BOOKMARK [3][-]{subsubsection.4.1.3.10}{\376\377\0004\000.\0001\000.\0003\000.\0001\0000\000\040\000s\000e\000t\000P\000o\000s\000i\000t\000i\000o\000n\000\050\000\051}{subsection.4.1.3}% 22
\BOOKMARK [3][-]{subsubsection.4.1.3.11}{\376\377\0004\000.\0001\000.\0003\000.\0001\0001\000\040\000s\000e\000t\000S\000c\000a\000l\000e\000\050\000\051}{subsection.4.1.3}% 23
\BOOKMARK [3][-]{subsubsection.4.1.3.12}{\376\377\0004\000.\0001\000.\0003\000.\0001\0002\000\040\000s\000t\000o\000p\000\050\000\051}{subsection.4.1.3}% 24
\BOOKMARK [3][-]{subsubsection.4.1.3.13}{\376\377\0004\000.\0001\000.\0003\000.\0001\0003\000\040\000u\000p\000d\000a\000t\000e\000\050\000\051}{subsection.4.1.3}% 25
\BOOKMARK [2][-]{subsection.4.1.4}{\376\377\0004\000.\0001\000.\0004\000\040\000D\000o\000k\000u\000m\000e\000n\000t\000a\000c\000j\000a\000\040\000a\000t\000r\000y\000b\000u\000t\000\363\000w\000\040\000s\000k\001\102\000a\000d\000o\000w\000y\000c\000h}{section.4.1}% 26
\BOOKMARK [3][-]{subsubsection.4.1.4.1}{\376\377\0004\000.\0001\000.\0004\000.\0001\000\040\000p\000l\000a\000y\000e\000r}{subsection.4.1.4}% 27
\BOOKMARK [3][-]{subsubsection.4.1.4.2}{\376\377\0004\000.\0001\000.\0004\000.\0002\000\040\000v\000e\000l\000o\000c\000i\000t\000y}{subsection.4.1.4}% 28
\BOOKMARK [1][-]{section.4.2}{\376\377\0004\000.\0002\000\040\000D\000o\000k\000u\000m\000e\000n\000t\000a\000c\000j\000a\000\040\000k\000l\000a\000s\000y\000\040\000F\000o\000n\000t\000M\000a\000n\000a\000g\000e\000r}{chapter.4}% 29
\BOOKMARK [2][-]{subsection.4.2.1}{\376\377\0004\000.\0002\000.\0001\000\040\000O\000p\000i\000s\000\040\000s\000z\000c\000z\000e\000g\000\363\001\102\000o\000w\000y}{section.4.2}% 30
\BOOKMARK [2][-]{subsection.4.2.2}{\376\377\0004\000.\0002\000.\0002\000\040\000D\000o\000k\000u\000m\000e\000n\000t\000a\000c\000j\000a\000\040\000k\000o\000n\000s\000t\000r\000u\000k\000t\000o\000r\000a\000\040\000i\000\040\000d\000e\000s\000t\000r\000u\000k\000t\000o\000r\000a}{section.4.2}% 31
\BOOKMARK [3][-]{subsubsection.4.2.2.1}{\376\377\0004\000.\0002\000.\0002\000.\0001\000\040\000F\000o\000n\000t\000M\000a\000n\000a\000g\000e\000r\000\050\000\051}{subsection.4.2.2}% 32
\BOOKMARK [2][-]{subsection.4.2.3}{\376\377\0004\000.\0002\000.\0003\000\040\000D\000o\000k\000u\000m\000e\000n\000t\000a\000c\000j\000a\000\040\000f\000u\000n\000k\000c\000j\000i\000\040\000s\000k\001\102\000a\000d\000o\000w\000y\000c\000h}{section.4.2}% 33
\BOOKMARK [3][-]{subsubsection.4.2.3.1}{\376\377\0004\000.\0002\000.\0003\000.\0001\000\040\000c\000l\000e\000a\000n\000u\000p\000\050\000\051}{subsection.4.2.3}% 34
\BOOKMARK [3][-]{subsubsection.4.2.3.2}{\376\377\0004\000.\0002\000.\0003\000.\0002\000\040\000g\000e\000t\000\050\000\051}{subsection.4.2.3}% 35
\BOOKMARK [3][-]{subsubsection.4.2.3.3}{\376\377\0004\000.\0002\000.\0003\000.\0003\000\040\000l\000o\000a\000d\000\050\000\051}{subsection.4.2.3}% 36
\BOOKMARK [2][-]{subsection.4.2.4}{\376\377\0004\000.\0002\000.\0004\000\040\000D\000o\000k\000u\000m\000e\000n\000t\000a\000c\000j\000a\000\040\000a\000t\000r\000y\000b\000u\000t\000\363\000w\000\040\000s\000k\001\102\000a\000d\000o\000w\000y\000c\000h}{section.4.2}% 37
\BOOKMARK [3][-]{subsubsection.4.2.4.1}{\376\377\0004\000.\0002\000.\0004\000.\0001\000\040\000m\000\137\000F\000o\000n\000t}{subsection.4.2.4}% 38
\BOOKMARK [1][-]{section.4.3}{\376\377\0004\000.\0003\000\040\000D\000o\000k\000u\000m\000e\000n\000t\000a\000c\000j\000a\000\040\000k\000l\000a\000s\000y\000\040\000G\000a\000m\000e}{chapter.4}% 39
\BOOKMARK [2][-]{subsection.4.3.1}{\376\377\0004\000.\0003\000.\0001\000\040\000O\000p\000i\000s\000\040\000s\000z\000c\000z\000e\000g\000\363\001\102\000o\000w\000y}{section.4.3}% 40
\BOOKMARK [2][-]{subsection.4.3.2}{\376\377\0004\000.\0003\000.\0002\000\040\000D\000o\000k\000u\000m\000e\000n\000t\000a\000c\000j\000a\000\040\000k\000o\000n\000s\000t\000r\000u\000k\000t\000o\000r\000a\000\040\000i\000\040\000d\000e\000s\000t\000r\000u\000k\000t\000o\000r\000a}{section.4.3}% 41
\BOOKMARK [3][-]{subsubsection.4.3.2.1}{\376\377\0004\000.\0003\000.\0002\000.\0001\000\040\000G\000a\000m\000e\000\050\000\051}{subsection.4.3.2}% 42
\BOOKMARK [2][-]{subsection.4.3.3}{\376\377\0004\000.\0003\000.\0003\000\040\000D\000o\000k\000u\000m\000e\000n\000t\000a\000c\000j\000a\000\040\000f\000u\000n\000k\000c\000j\000i\000\040\000s\000k\001\102\000a\000d\000o\000w\000y\000c\000h}{section.4.3}% 43
\BOOKMARK [3][-]{subsubsection.4.3.3.1}{\376\377\0004\000.\0003\000.\0003\000.\0001\000\040\000r\000u\000n\000\050\000\051}{subsection.4.3.3}% 44
\BOOKMARK [2][-]{subsection.4.3.4}{\376\377\0004\000.\0003\000.\0004\000\040\000D\000o\000k\000u\000m\000e\000n\000t\000a\000c\000j\000a\000\040\000a\000t\000r\000y\000b\000u\000t\000\363\000w\000\040\000s\000k\001\102\000a\000d\000o\000w\000y\000c\000h}{section.4.3}% 45
\BOOKMARK [3][-]{subsubsection.4.3.4.1}{\376\377\0004\000.\0003\000.\0004\000.\0001\000\040\000c\000l\000o\000c\000k}{subsection.4.3.4}% 46
\BOOKMARK [3][-]{subsubsection.4.3.4.2}{\376\377\0004\000.\0003\000.\0004\000.\0002\000\040\000m\000\137\000d\000a\000t\000a}{subsection.4.3.4}% 47
\BOOKMARK [3][-]{subsubsection.4.3.4.3}{\376\377\0004\000.\0003\000.\0004\000.\0003\000\040\000t\000i\000m\000e\000P\000e\000r\000F\000r\000a\000m\000e}{subsection.4.3.4}% 48
\BOOKMARK [1][-]{section.4.4}{\376\377\0004\000.\0004\000\040\000D\000o\000k\000u\000m\000e\000n\000t\000a\000c\000j\000a\000\040\000s\000t\000r\000u\000k\000t\000u\000r\000y\000\040\000G\000a\000m\000e\000D\000a\000t\000a}{chapter.4}% 49
\BOOKMARK [2][-]{subsection.4.4.1}{\376\377\0004\000.\0004\000.\0001\000\040\000O\000p\000i\000s\000\040\000s\000z\000c\000z\000e\000g\000\363\001\102\000o\000w\000y}{section.4.4}% 50
\BOOKMARK [2][-]{subsection.4.4.2}{\376\377\0004\000.\0004\000.\0002\000\040\000D\000o\000k\000u\000m\000e\000n\000t\000a\000c\000j\000a\000\040\000a\000t\000r\000y\000b\000u\000t\000\363\000w\000\040\000s\000k\001\102\000a\000d\000o\000w\000y\000c\000h}{section.4.4}% 51
\BOOKMARK [3][-]{subsubsection.4.4.2.1}{\376\377\0004\000.\0004\000.\0002\000.\0001\000\040\000m\000a\000c\000h\000i\000n\000e}{subsection.4.4.2}% 52
\BOOKMARK [3][-]{subsubsection.4.4.2.2}{\376\377\0004\000.\0004\000.\0002\000.\0002\000\040\000w\000i\000n\000d\000o\000w}{subsection.4.4.2}% 53
\BOOKMARK [1][-]{section.4.5}{\376\377\0004\000.\0005\000\040\000D\000o\000k\000u\000m\000e\000n\000t\000a\000c\000j\000a\000\040\000k\000l\000a\000s\000y\000\040\000G\000a\000m\000e\000O\000v\000e\000r\000S\000t\000a\000t\000e}{chapter.4}% 54
\BOOKMARK [2][-]{subsection.4.5.1}{\376\377\0004\000.\0005\000.\0001\000\040\000O\000p\000i\000s\000\040\000s\000z\000c\000z\000e\000g\000\363\001\102\000o\000w\000y}{section.4.5}% 55
\BOOKMARK [2][-]{subsection.4.5.2}{\376\377\0004\000.\0005\000.\0002\000\040\000D\000o\000k\000u\000m\000e\000n\000t\000a\000c\000j\000a\000\040\000k\000o\000n\000s\000t\000r\000u\000k\000t\000o\000r\000a\000\040\000i\000\040\000d\000e\000s\000t\000r\000u\000k\000t\000o\000r\000a}{section.4.5}% 56
\BOOKMARK [3][-]{subsubsection.4.5.2.1}{\376\377\0004\000.\0005\000.\0002\000.\0001\000\040\000G\000a\000m\000e\000O\000v\000e\000r\000S\000t\000a\000t\000e\000\050\000\051}{subsection.4.5.2}% 57
\BOOKMARK [2][-]{subsection.4.5.3}{\376\377\0004\000.\0005\000.\0003\000\040\000D\000o\000k\000u\000m\000e\000n\000t\000a\000c\000j\000a\000\040\000f\000u\000n\000k\000c\000j\000i\000\040\000s\000k\001\102\000a\000d\000o\000w\000y\000c\000h}{section.4.5}% 58
\BOOKMARK [3][-]{subsubsection.4.5.3.1}{\376\377\0004\000.\0005\000.\0003\000.\0001\000\040\000d\000r\000a\000w\000\050\000\051}{subsection.4.5.3}% 59
\BOOKMARK [3][-]{subsubsection.4.5.3.2}{\376\377\0004\000.\0005\000.\0003\000.\0002\000\040\000h\000a\000n\000d\000l\000e\000I\000n\000p\000u\000t\000\050\000\051}{subsection.4.5.3}% 60
\BOOKMARK [3][-]{subsubsection.4.5.3.3}{\376\377\0004\000.\0005\000.\0003\000.\0003\000\040\000i\000n\000i\000t\000\050\000\051}{subsection.4.5.3}% 61
\BOOKMARK [3][-]{subsubsection.4.5.3.4}{\376\377\0004\000.\0005\000.\0003\000.\0004\000\040\000u\000p\000d\000a\000t\000e\000\050\000\051}{subsection.4.5.3}% 62
\BOOKMARK [2][-]{subsection.4.5.4}{\376\377\0004\000.\0005\000.\0004\000\040\000D\000o\000k\000u\000m\000e\000n\000t\000a\000c\000j\000a\000\040\000a\000t\000r\000y\000b\000u\000t\000\363\000w\000\040\000s\000k\001\102\000a\000d\000o\000w\000y\000c\000h}{section.4.5}% 63
\BOOKMARK [3][-]{subsubsection.4.5.4.1}{\376\377\0004\000.\0005\000.\0004\000.\0001\000\040\000m\000\137\000a\000l\000p\000h\000a}{subsection.4.5.4}% 64
\BOOKMARK [3][-]{subsubsection.4.5.4.2}{\376\377\0004\000.\0005\000.\0004\000.\0002\000\040\000m\000\137\000b\000a\000c\000k\000g\000r\000o\000u\000n\000d\000S\000p\000r\000i\000t\000e}{subsection.4.5.4}% 65
\BOOKMARK [3][-]{subsubsection.4.5.4.3}{\376\377\0004\000.\0005\000.\0004\000.\0003\000\040\000m\000\137\000b\000g\000T\000e\000x\000t\000u\000r\000e}{subsection.4.5.4}% 66
\BOOKMARK [3][-]{subsubsection.4.5.4.4}{\376\377\0004\000.\0005\000.\0004\000.\0004\000\040\000m\000\137\000d\000a\000t\000a}{subsection.4.5.4}% 67
\BOOKMARK [3][-]{subsubsection.4.5.4.5}{\376\377\0004\000.\0005\000.\0004\000.\0005\000\040\000m\000\137\000d\000i\000m\000m\000e\000r}{subsection.4.5.4}% 68
\BOOKMARK [3][-]{subsubsection.4.5.4.6}{\376\377\0004\000.\0005\000.\0004\000.\0006\000\040\000m\000\137\000f\000a\000d\000e\000R\000e\000c\000t}{subsection.4.5.4}% 69
\BOOKMARK [3][-]{subsubsection.4.5.4.7}{\376\377\0004\000.\0005\000.\0004\000.\0007\000\040\000m\000\137\000g\000o\000T\000o\000M\000e\000n\000u}{subsection.4.5.4}% 70
\BOOKMARK [3][-]{subsubsection.4.5.4.8}{\376\377\0004\000.\0005\000.\0004\000.\0008\000\040\000m\000\137\000i\000s\000T\000r\000a\000n\000s\000i\000t\000i\000o\000n\000i\000n\000g}{subsection.4.5.4}% 71
\BOOKMARK [3][-]{subsubsection.4.5.4.9}{\376\377\0004\000.\0005\000.\0004\000.\0009\000\040\000m\000\137\000l\000e\000v\000e\000l}{subsection.4.5.4}% 72
\BOOKMARK [3][-]{subsubsection.4.5.4.10}{\376\377\0004\000.\0005\000.\0004\000.\0001\0000\000\040\000m\000\137\000m\000e\000n\000u\000B\000u\000t\000t\000o\000n}{subsection.4.5.4}% 73
\BOOKMARK [3][-]{subsubsection.4.5.4.11}{\376\377\0004\000.\0005\000.\0004\000.\0001\0001\000\040\000m\000\137\000r\000e\000t\000r\000y\000B\000u\000t\000t\000o\000n}{subsection.4.5.4}% 74
\BOOKMARK [3][-]{subsubsection.4.5.4.12}{\376\377\0004\000.\0005\000.\0004\000.\0001\0002\000\040\000m\000\137\000r\000e\000t\000r\000y\000L\000e\000v\000e\000l}{subsection.4.5.4}% 75
\BOOKMARK [3][-]{subsubsection.4.5.4.13}{\376\377\0004\000.\0005\000.\0004\000.\0001\0003\000\040\000m\000\137\000t\000i\000t\000l\000e}{subsection.4.5.4}% 76
\BOOKMARK [1][-]{section.4.6}{\376\377\0004\000.\0006\000\040\000D\000o\000k\000u\000m\000e\000n\000t\000a\000c\000j\000a\000\040\000k\000l\000a\000s\000y\000\040\000G\000a\000m\000e\000S\000t\000a\000t\000e}{chapter.4}% 77
\BOOKMARK [2][-]{subsection.4.6.1}{\376\377\0004\000.\0006\000.\0001\000\040\000O\000p\000i\000s\000\040\000s\000z\000c\000z\000e\000g\000\363\001\102\000o\000w\000y}{section.4.6}% 78
\BOOKMARK [2][-]{subsection.4.6.2}{\376\377\0004\000.\0006\000.\0002\000\040\000D\000o\000k\000u\000m\000e\000n\000t\000a\000c\000j\000a\000\040\000k\000o\000n\000s\000t\000r\000u\000k\000t\000o\000r\000a\000\040\000i\000\040\000d\000e\000s\000t\000r\000u\000k\000t\000o\000r\000a}{section.4.6}% 79
\BOOKMARK [3][-]{subsubsection.4.6.2.1}{\376\377\0004\000.\0006\000.\0002\000.\0001\000\040\000G\000a\000m\000e\000S\000t\000a\000t\000e\000\050\000\051}{subsection.4.6.2}% 80
\BOOKMARK [2][-]{subsection.4.6.3}{\376\377\0004\000.\0006\000.\0003\000\040\000D\000o\000k\000u\000m\000e\000n\000t\000a\000c\000j\000a\000\040\000f\000u\000n\000k\000c\000j\000i\000\040\000s\000k\001\102\000a\000d\000o\000w\000y\000c\000h}{section.4.6}% 81
\BOOKMARK [3][-]{subsubsection.4.6.3.1}{\376\377\0004\000.\0006\000.\0003\000.\0001\000\040\000d\000r\000a\000w\000\050\000\051}{subsection.4.6.3}% 82
\BOOKMARK [3][-]{subsubsection.4.6.3.2}{\376\377\0004\000.\0006\000.\0003\000.\0002\000\040\000g\000e\000t\000T\000i\000l\000e\000A\000t\000\050\000\051}{subsection.4.6.3}% 83
\BOOKMARK [3][-]{subsubsection.4.6.3.3}{\376\377\0004\000.\0006\000.\0003\000.\0003\000\040\000h\000a\000n\000d\000l\000e\000I\000n\000p\000u\000t\000\050\000\051}{subsection.4.6.3}% 84
\BOOKMARK [3][-]{subsubsection.4.6.3.4}{\376\377\0004\000.\0006\000.\0003\000.\0004\000\040\000i\000n\000i\000t\000\050\000\051}{subsection.4.6.3}% 85
\BOOKMARK [3][-]{subsubsection.4.6.3.5}{\376\377\0004\000.\0006\000.\0003\000.\0005\000\040\000i\000n\000i\000t\000S\000o\000u\000n\000d\000s\000\050\000\051}{subsection.4.6.3}% 86
\BOOKMARK [3][-]{subsubsection.4.6.3.6}{\376\377\0004\000.\0006\000.\0003\000.\0006\000\040\000i\000n\000i\000t\000U\000I\000\050\000\051}{subsection.4.6.3}% 87
\BOOKMARK [3][-]{subsubsection.4.6.3.7}{\376\377\0004\000.\0006\000.\0003\000.\0007\000\040\000i\000s\000W\000a\000l\000l\000\050\000\051}{subsection.4.6.3}% 88
\BOOKMARK [3][-]{subsubsection.4.6.3.8}{\376\377\0004\000.\0006\000.\0003\000.\0008\000\040\000r\000e\000s\000e\000t\000L\000e\000v\000e\000l\000\050\000\051}{subsection.4.6.3}% 89
\BOOKMARK [3][-]{subsubsection.4.6.3.9}{\376\377\0004\000.\0006\000.\0003\000.\0009\000\040\000u\000p\000d\000a\000t\000e\000\050\000\051}{subsection.4.6.3}% 90
\BOOKMARK [3][-]{subsubsection.4.6.3.10}{\376\377\0004\000.\0006\000.\0003\000.\0001\0000\000\040\000u\000p\000d\000a\000t\000e\000A\000i\000m\000L\000i\000n\000e\000\050\000\051}{subsection.4.6.3}% 91
\BOOKMARK [3][-]{subsubsection.4.6.3.11}{\376\377\0004\000.\0006\000.\0003\000.\0001\0001\000\040\000u\000p\000d\000a\000t\000e\000H\000e\000a\000r\000t\000s\000\050\000\051}{subsection.4.6.3}% 92
\BOOKMARK [2][-]{subsection.4.6.4}{\376\377\0004\000.\0006\000.\0004\000\040\000D\000o\000k\000u\000m\000e\000n\000t\000a\000c\000j\000a\000\040\000a\000t\000r\000y\000b\000u\000t\000\363\000w\000\040\000s\000k\001\102\000a\000d\000o\000w\000y\000c\000h}{section.4.6}% 93
\BOOKMARK [3][-]{subsubsection.4.6.4.1}{\376\377\0004\000.\0006\000.\0004\000.\0001\000\040\000a\000i\000m\000L\000i\000n\000e}{subsection.4.6.4}% 94
\BOOKMARK [3][-]{subsubsection.4.6.4.2}{\376\377\0004\000.\0006\000.\0004\000.\0002\000\040\000b\000a\000l\000l}{subsection.4.6.4}% 95
\BOOKMARK [3][-]{subsubsection.4.6.4.3}{\376\377\0004\000.\0006\000.\0004\000.\0003\000\040\000b\000a\000l\000l\000I\000n\000H\000o\000l\000e}{subsection.4.6.4}% 96
\BOOKMARK [3][-]{subsubsection.4.6.4.4}{\376\377\0004\000.\0006\000.\0004\000.\0004\000\040\000f\000o\000r\000c\000e\000V\000e\000c\000t\000o\000r}{subsection.4.6.4}% 97
\BOOKMARK [3][-]{subsubsection.4.6.4.5}{\376\377\0004\000.\0006\000.\0004\000.\0005\000\040\000h\000e\000a\000r\000t\000S\000p\000r\000i\000t\000e\000s}{subsection.4.6.4}% 98
\BOOKMARK [3][-]{subsubsection.4.6.4.6}{\376\377\0004\000.\0006\000.\0004\000.\0006\000\040\000i\000n\000p\000u\000t\000M\000a\000n\000a\000g\000e\000r}{subsection.4.6.4}% 99
\BOOKMARK [3][-]{subsubsection.4.6.4.7}{\376\377\0004\000.\0006\000.\0004\000.\0007\000\040\000i\000s\000J\000u\000m\000p\000i\000n\000g}{subsection.4.6.4}% 100
\BOOKMARK [3][-]{subsubsection.4.6.4.8}{\376\377\0004\000.\0006\000.\0004\000.\0008\000\040\000i\000s\000S\000i\000n\000k\000i\000n\000g}{subsection.4.6.4}% 101
\BOOKMARK [3][-]{subsubsection.4.6.4.9}{\376\377\0004\000.\0006\000.\0004\000.\0009\000\040\000j\000u\000m\000p\000T\000i\000m\000e\000r}{subsection.4.6.4}% 102
\BOOKMARK [3][-]{subsubsection.4.6.4.10}{\376\377\0004\000.\0006\000.\0004\000.\0001\0000\000\040\000l\000a\000s\000t\000S\000a\000f\000e\000P\000o\000s}{subsection.4.6.4}% 103
\BOOKMARK [3][-]{subsubsection.4.6.4.11}{\376\377\0004\000.\0006\000.\0004\000.\0001\0001\000\040\000l\000e\000v\000e\000l\000D\000a\000t\000a}{subsection.4.6.4}% 104
\BOOKMARK [3][-]{subsubsection.4.6.4.12}{\376\377\0004\000.\0006\000.\0004\000.\0001\0002\000\040\000l\000e\000v\000e\000l\000F\000i\000n\000i\000s\000h\000T\000i\000m\000e\000r}{subsection.4.6.4}% 105
\BOOKMARK [3][-]{subsubsection.4.6.4.13}{\376\377\0004\000.\0006\000.\0004\000.\0001\0003\000\040\000l\000i\000v\000e\000s}{subsection.4.6.4}% 106
\BOOKMARK [3][-]{subsubsection.4.6.4.14}{\376\377\0004\000.\0006\000.\0004\000.\0001\0004\000\040\000m\000\137\000a\000l\000p\000h\000a}{subsection.4.6.4}% 107
\BOOKMARK [3][-]{subsubsection.4.6.4.15}{\376\377\0004\000.\0006\000.\0004\000.\0001\0005\000\040\000m\000\137\000d\000a\000t\000a}{subsection.4.6.4}% 108
\BOOKMARK [3][-]{subsubsection.4.6.4.16}{\376\377\0004\000.\0006\000.\0004\000.\0001\0006\000\040\000m\000\137\000f\000a\000d\000e\000R\000e\000c\000t}{subsection.4.6.4}% 109
\BOOKMARK [3][-]{subsubsection.4.6.4.17}{\376\377\0004\000.\0006\000.\0004\000.\0001\0007\000\040\000m\000\137\000h\000i\000t\000S\000o\000u\000n\000d}{subsection.4.6.4}% 110
\BOOKMARK [3][-]{subsubsection.4.6.4.18}{\376\377\0004\000.\0006\000.\0004\000.\0001\0008\000\040\000m\000\137\000l\000e\000v\000e\000l}{subsection.4.6.4}% 111
\BOOKMARK [3][-]{subsubsection.4.6.4.19}{\376\377\0004\000.\0006\000.\0004\000.\0001\0009\000\040\000m\000\137\000s\000h\000a\000d\000o\000w}{subsection.4.6.4}% 112
\BOOKMARK [3][-]{subsubsection.4.6.4.20}{\376\377\0004\000.\0006\000.\0004\000.\0002\0000\000\040\000m\000\137\000s\000p\000l\000a\000s\000h\000S\000o\000u\000n\000d}{subsection.4.6.4}% 113
\BOOKMARK [3][-]{subsubsection.4.6.4.21}{\376\377\0004\000.\0006\000.\0004\000.\0002\0001\000\040\000m\000\137\000w\000a\000l\000l\000H\000i\000t\000S\000o\000u\000n\000d}{subsection.4.6.4}% 114
\BOOKMARK [3][-]{subsubsection.4.6.4.22}{\376\377\0004\000.\0006\000.\0004\000.\0002\0002\000\040\000m\000\137\000w\000i\000n\000S\000o\000u\000n\000d}{subsection.4.6.4}% 115
\BOOKMARK [3][-]{subsubsection.4.6.4.23}{\376\377\0004\000.\0006\000.\0004\000.\0002\0003\000\040\000m\000a\000x\000J\000u\000m\000p\000T\000i\000m\000e}{subsection.4.6.4}% 116
\BOOKMARK [3][-]{subsubsection.4.6.4.24}{\376\377\0004\000.\0006\000.\0004\000.\0002\0004\000\040\000s\000c\000o\000r\000e\000T\000e\000x\000t}{subsection.4.6.4}% 117
\BOOKMARK [3][-]{subsubsection.4.6.4.25}{\376\377\0004\000.\0006\000.\0004\000.\0002\0005\000\040\000s\000t\000r\000o\000k\000e\000s}{subsection.4.6.4}% 118
\BOOKMARK [3][-]{subsubsection.4.6.4.26}{\376\377\0004\000.\0006\000.\0004\000.\0002\0006\000\040\000t\000i\000l\000e\000M\000a\000p}{subsection.4.6.4}% 119
\BOOKMARK [3][-]{subsubsection.4.6.4.27}{\376\377\0004\000.\0006\000.\0004\000.\0002\0007\000\040\000w\000a\000s\000I\000n\000W\000a\000t\000e\000r}{subsection.4.6.4}% 120
\BOOKMARK [3][-]{subsubsection.4.6.4.28}{\376\377\0004\000.\0006\000.\0004\000.\0002\0008\000\040\000w\000i\000n\000T\000e\000x\000t}{subsection.4.6.4}% 121
\BOOKMARK [1][-]{section.4.7}{\376\377\0004\000.\0007\000\040\000D\000o\000k\000u\000m\000e\000n\000t\000a\000c\000j\000a\000\040\000k\000l\000a\000s\000y\000\040\000I\000n\000p\000u\000t\000M\000a\000n\000a\000g\000e\000r}{chapter.4}% 122
\BOOKMARK [2][-]{subsection.4.7.1}{\376\377\0004\000.\0007\000.\0001\000\040\000O\000p\000i\000s\000\040\000s\000z\000c\000z\000e\000g\000\363\001\102\000o\000w\000y}{section.4.7}% 123
\BOOKMARK [2][-]{subsection.4.7.2}{\376\377\0004\000.\0007\000.\0002\000\040\000D\000o\000k\000u\000m\000e\000n\000t\000a\000c\000j\000a\000\040\000k\000o\000n\000s\000t\000r\000u\000k\000t\000o\000r\000a\000\040\000i\000\040\000d\000e\000s\000t\000r\000u\000k\000t\000o\000r\000a}{section.4.7}% 124
\BOOKMARK [3][-]{subsubsection.4.7.2.1}{\376\377\0004\000.\0007\000.\0002\000.\0001\000\040\000I\000n\000p\000u\000t\000M\000a\000n\000a\000g\000e\000r\000\050\000\051}{subsection.4.7.2}% 125
\BOOKMARK [2][-]{subsection.4.7.3}{\376\377\0004\000.\0007\000.\0003\000\040\000D\000o\000k\000u\000m\000e\000n\000t\000a\000c\000j\000a\000\040\000f\000u\000n\000k\000c\000j\000i\000\040\000s\000k\001\102\000a\000d\000o\000w\000y\000c\000h}{section.4.7}% 126
\BOOKMARK [3][-]{subsubsection.4.7.3.1}{\376\377\0004\000.\0007\000.\0003\000.\0001\000\040\000g\000e\000t\000C\000u\000r\000r\000e\000n\000t\000F\000o\000r\000c\000e\000\050\000\051}{subsection.4.7.3}% 127
\BOOKMARK [3][-]{subsubsection.4.7.3.2}{\376\377\0004\000.\0007\000.\0003\000.\0002\000\040\000g\000e\000t\000F\000o\000r\000c\000e\000V\000e\000c\000t\000o\000r\000\050\000\051}{subsection.4.7.3}% 128
\BOOKMARK [3][-]{subsubsection.4.7.3.3}{\376\377\0004\000.\0007\000.\0003\000.\0003\000\040\000h\000a\000n\000d\000l\000e\000E\000v\000e\000n\000t\000\050\000\051}{subsection.4.7.3}% 129
\BOOKMARK [3][-]{subsubsection.4.7.3.4}{\376\377\0004\000.\0007\000.\0003\000.\0004\000\040\000i\000s\000D\000r\000a\000g\000g\000i\000n\000g\000\050\000\051}{subsection.4.7.3}% 130
\BOOKMARK [3][-]{subsubsection.4.7.3.5}{\376\377\0004\000.\0007\000.\0003\000.\0005\000\040\000i\000s\000R\000e\000a\000d\000y\000\050\000\051}{subsection.4.7.3}% 131
\BOOKMARK [2][-]{subsection.4.7.4}{\376\377\0004\000.\0007\000.\0004\000\040\000D\000o\000k\000u\000m\000e\000n\000t\000a\000c\000j\000a\000\040\000a\000t\000r\000y\000b\000u\000t\000\363\000w\000\040\000s\000k\001\102\000a\000d\000o\000w\000y\000c\000h}{section.4.7}% 132
\BOOKMARK [3][-]{subsubsection.4.7.4.1}{\376\377\0004\000.\0007\000.\0004\000.\0001\000\040\000b\000a\000l\000l\000S\000t\000a\000r\000t\000P\000o\000s}{subsection.4.7.4}% 133
\BOOKMARK [3][-]{subsubsection.4.7.4.2}{\376\377\0004\000.\0007\000.\0004\000.\0002\000\040\000c\000u\000r\000r\000e\000n\000t\000M\000o\000u\000s\000e\000P\000o\000s}{subsection.4.7.4}% 134
\BOOKMARK [3][-]{subsubsection.4.7.4.3}{\376\377\0004\000.\0007\000.\0004\000.\0003\000\040\000f\000o\000r\000c\000e}{subsection.4.7.4}% 135
\BOOKMARK [3][-]{subsubsection.4.7.4.4}{\376\377\0004\000.\0007\000.\0004\000.\0004\000\040\000i\000s\000G\000r\000a\000b\000b\000e\000d}{subsection.4.7.4}% 136
\BOOKMARK [3][-]{subsubsection.4.7.4.5}{\376\377\0004\000.\0007\000.\0004\000.\0005\000\040\000r\000e\000a\000d\000y}{subsection.4.7.4}% 137
\BOOKMARK [1][-]{section.4.8}{\376\377\0004\000.\0008\000\040\000D\000o\000k\000u\000m\000e\000n\000t\000a\000c\000j\000a\000\040\000k\000l\000a\000s\000y\000\040\000L\000e\000a\000d\000e\000r\000b\000o\000a\000r\000d\000S\000t\000a\000t\000e}{chapter.4}% 138
\BOOKMARK [2][-]{subsection.4.8.1}{\376\377\0004\000.\0008\000.\0001\000\040\000O\000p\000i\000s\000\040\000s\000z\000c\000z\000e\000g\000\363\001\102\000o\000w\000y}{section.4.8}% 139
\BOOKMARK [2][-]{subsection.4.8.2}{\376\377\0004\000.\0008\000.\0002\000\040\000D\000o\000k\000u\000m\000e\000n\000t\000a\000c\000j\000a\000\040\000k\000o\000n\000s\000t\000r\000u\000k\000t\000o\000r\000a\000\040\000i\000\040\000d\000e\000s\000t\000r\000u\000k\000t\000o\000r\000a}{section.4.8}% 140
\BOOKMARK [3][-]{subsubsection.4.8.2.1}{\376\377\0004\000.\0008\000.\0002\000.\0001\000\040\000L\000e\000a\000d\000e\000r\000b\000o\000a\000r\000d\000S\000t\000a\000t\000e\000\050\000\051}{subsection.4.8.2}% 141
\BOOKMARK [2][-]{subsection.4.8.3}{\376\377\0004\000.\0008\000.\0003\000\040\000D\000o\000k\000u\000m\000e\000n\000t\000a\000c\000j\000a\000\040\000f\000u\000n\000k\000c\000j\000i\000\040\000s\000k\001\102\000a\000d\000o\000w\000y\000c\000h}{section.4.8}% 142
\BOOKMARK [3][-]{subsubsection.4.8.3.1}{\376\377\0004\000.\0008\000.\0003\000.\0001\000\040\000d\000r\000a\000w\000\050\000\051}{subsection.4.8.3}% 143
\BOOKMARK [3][-]{subsubsection.4.8.3.2}{\376\377\0004\000.\0008\000.\0003\000.\0002\000\040\000h\000a\000n\000d\000l\000e\000I\000n\000p\000u\000t\000\050\000\051}{subsection.4.8.3}% 144
\BOOKMARK [3][-]{subsubsection.4.8.3.3}{\376\377\0004\000.\0008\000.\0003\000.\0003\000\040\000i\000n\000i\000t\000\050\000\051}{subsection.4.8.3}% 145
\BOOKMARK [3][-]{subsubsection.4.8.3.4}{\376\377\0004\000.\0008\000.\0003\000.\0004\000\040\000u\000p\000d\000a\000t\000e\000\050\000\051}{subsection.4.8.3}% 146
\BOOKMARK [2][-]{subsection.4.8.4}{\376\377\0004\000.\0008\000.\0004\000\040\000D\000o\000k\000u\000m\000e\000n\000t\000a\000c\000j\000a\000\040\000a\000t\000r\000y\000b\000u\000t\000\363\000w\000\040\000s\000k\001\102\000a\000d\000o\000w\000y\000c\000h}{section.4.8}% 147
\BOOKMARK [3][-]{subsubsection.4.8.4.1}{\376\377\0004\000.\0008\000.\0004\000.\0001\000\040\000m\000\137\000a\000l\000p\000h\000a}{subsection.4.8.4}% 148
\BOOKMARK [3][-]{subsubsection.4.8.4.2}{\376\377\0004\000.\0008\000.\0004\000.\0002\000\040\000m\000\137\000b\000a\000c\000k\000B\000u\000t\000t\000o\000n}{subsection.4.8.4}% 149
\BOOKMARK [3][-]{subsubsection.4.8.4.3}{\376\377\0004\000.\0008\000.\0004\000.\0003\000\040\000m\000\137\000d\000a\000t\000a}{subsection.4.8.4}% 150
\BOOKMARK [3][-]{subsubsection.4.8.4.4}{\376\377\0004\000.\0008\000.\0004\000.\0004\000\040\000m\000\137\000f\000a\000d\000e\000R\000e\000c\000t}{subsection.4.8.4}% 151
\BOOKMARK [3][-]{subsubsection.4.8.4.5}{\376\377\0004\000.\0008\000.\0004\000.\0005\000\040\000m\000\137\000i\000s\000F\000a\000d\000i\000n\000g\000I\000n}{subsection.4.8.4}% 152
\BOOKMARK [3][-]{subsubsection.4.8.4.6}{\376\377\0004\000.\0008\000.\0004\000.\0006\000\040\000m\000\137\000i\000s\000G\000o\000i\000n\000g\000B\000a\000c\000k}{subsection.4.8.4}% 153
\BOOKMARK [3][-]{subsubsection.4.8.4.7}{\376\377\0004\000.\0008\000.\0004\000.\0007\000\040\000m\000\137\000s\000c\000o\000r\000e\000T\000e\000x\000t\000s}{subsection.4.8.4}% 154
\BOOKMARK [3][-]{subsubsection.4.8.4.8}{\376\377\0004\000.\0008\000.\0004\000.\0008\000\040\000m\000\137\000t\000i\000t\000l\000e}{subsection.4.8.4}% 155
\BOOKMARK [1][-]{section.4.9}{\376\377\0004\000.\0009\000\040\000D\000o\000k\000u\000m\000e\000n\000t\000a\000c\000j\000a\000\040\000k\000l\000a\000s\000y\000\040\000L\000e\000v\000e\000l\000C\000o\000m\000p\000l\000e\000t\000e\000S\000t\000a\000t\000e}{chapter.4}% 156
\BOOKMARK [2][-]{subsection.4.9.1}{\376\377\0004\000.\0009\000.\0001\000\040\000O\000p\000i\000s\000\040\000s\000z\000c\000z\000e\000g\000\363\001\102\000o\000w\000y}{section.4.9}% 157
\BOOKMARK [2][-]{subsection.4.9.2}{\376\377\0004\000.\0009\000.\0002\000\040\000D\000o\000k\000u\000m\000e\000n\000t\000a\000c\000j\000a\000\040\000k\000o\000n\000s\000t\000r\000u\000k\000t\000o\000r\000a\000\040\000i\000\040\000d\000e\000s\000t\000r\000u\000k\000t\000o\000r\000a}{section.4.9}% 158
\BOOKMARK [3][-]{subsubsection.4.9.2.1}{\376\377\0004\000.\0009\000.\0002\000.\0001\000\040\000L\000e\000v\000e\000l\000C\000o\000m\000p\000l\000e\000t\000e\000S\000t\000a\000t\000e\000\050\000\051}{subsection.4.9.2}% 159
\BOOKMARK [2][-]{subsection.4.9.3}{\376\377\0004\000.\0009\000.\0003\000\040\000D\000o\000k\000u\000m\000e\000n\000t\000a\000c\000j\000a\000\040\000f\000u\000n\000k\000c\000j\000i\000\040\000s\000k\001\102\000a\000d\000o\000w\000y\000c\000h}{section.4.9}% 160
\BOOKMARK [3][-]{subsubsection.4.9.3.1}{\376\377\0004\000.\0009\000.\0003\000.\0001\000\040\000d\000r\000a\000w\000\050\000\051}{subsection.4.9.3}% 161
\BOOKMARK [3][-]{subsubsection.4.9.3.2}{\376\377\0004\000.\0009\000.\0003\000.\0002\000\040\000h\000a\000n\000d\000l\000e\000I\000n\000p\000u\000t\000\050\000\051}{subsection.4.9.3}% 162
\BOOKMARK [3][-]{subsubsection.4.9.3.3}{\376\377\0004\000.\0009\000.\0003\000.\0003\000\040\000i\000n\000i\000t\000\050\000\051}{subsection.4.9.3}% 163
\BOOKMARK [3][-]{subsubsection.4.9.3.4}{\376\377\0004\000.\0009\000.\0003\000.\0004\000\040\000u\000p\000d\000a\000t\000e\000\050\000\051}{subsection.4.9.3}% 164
\BOOKMARK [2][-]{subsection.4.9.4}{\376\377\0004\000.\0009\000.\0004\000\040\000D\000o\000k\000u\000m\000e\000n\000t\000a\000c\000j\000a\000\040\000a\000t\000r\000y\000b\000u\000t\000\363\000w\000\040\000s\000k\001\102\000a\000d\000o\000w\000y\000c\000h}{section.4.9}% 165
\BOOKMARK [3][-]{subsubsection.4.9.4.1}{\376\377\0004\000.\0009\000.\0004\000.\0001\000\040\000m\000\137\000a\000l\000p\000h\000a}{subsection.4.9.4}% 166
\BOOKMARK [3][-]{subsubsection.4.9.4.2}{\376\377\0004\000.\0009\000.\0004\000.\0002\000\040\000m\000\137\000b\000a\000c\000k\000g\000r\000o\000u\000n\000d\000S\000p\000r\000i\000t\000e}{subsection.4.9.4}% 167
\BOOKMARK [3][-]{subsubsection.4.9.4.3}{\376\377\0004\000.\0009\000.\0004\000.\0003\000\040\000m\000\137\000b\000g\000T\000e\000x\000t\000u\000r\000e}{subsection.4.9.4}% 168
\BOOKMARK [3][-]{subsubsection.4.9.4.4}{\376\377\0004\000.\0009\000.\0004\000.\0004\000\040\000m\000\137\000c\000u\000r\000r\000e\000n\000t\000L\000e\000v\000e\000l}{subsection.4.9.4}% 169
\BOOKMARK [3][-]{subsubsection.4.9.4.5}{\376\377\0004\000.\0009\000.\0004\000.\0005\000\040\000m\000\137\000d\000a\000t\000a}{subsection.4.9.4}% 170
\BOOKMARK [3][-]{subsubsection.4.9.4.6}{\376\377\0004\000.\0009\000.\0004\000.\0006\000\040\000m\000\137\000d\000i\000m\000m\000e\000r}{subsection.4.9.4}% 171
\BOOKMARK [3][-]{subsubsection.4.9.4.7}{\376\377\0004\000.\0009\000.\0004\000.\0007\000\040\000m\000\137\000f\000a\000d\000e\000R\000e\000c\000t}{subsection.4.9.4}% 172
\BOOKMARK [3][-]{subsubsection.4.9.4.8}{\376\377\0004\000.\0009\000.\0004\000.\0008\000\040\000m\000\137\000g\000o\000T\000o\000M\000e\000n\000u}{subsection.4.9.4}% 173
\BOOKMARK [3][-]{subsubsection.4.9.4.9}{\376\377\0004\000.\0009\000.\0004\000.\0009\000\040\000m\000\137\000i\000s\000T\000r\000a\000n\000s\000i\000t\000i\000o\000n\000i\000n\000g}{subsection.4.9.4}% 174
\BOOKMARK [3][-]{subsubsection.4.9.4.10}{\376\377\0004\000.\0009\000.\0004\000.\0001\0000\000\040\000m\000\137\000m\000e\000n\000u\000B\000u\000t\000t\000o\000n}{subsection.4.9.4}% 175
\BOOKMARK [3][-]{subsubsection.4.9.4.11}{\376\377\0004\000.\0009\000.\0004\000.\0001\0001\000\040\000m\000\137\000n\000e\000x\000t\000L\000e\000v\000e\000l\000B\000u\000t\000t\000o\000n}{subsection.4.9.4}% 176
\BOOKMARK [3][-]{subsubsection.4.9.4.12}{\376\377\0004\000.\0009\000.\0004\000.\0001\0002\000\040\000m\000\137\000r\000e\000t\000r\000y\000B\000u\000t\000t\000o\000n}{subsection.4.9.4}% 177
\BOOKMARK [3][-]{subsubsection.4.9.4.13}{\376\377\0004\000.\0009\000.\0004\000.\0001\0003\000\040\000m\000\137\000r\000e\000t\000r\000y\000L\000e\000v\000e\000l}{subsection.4.9.4}% 178
\BOOKMARK [3][-]{subsubsection.4.9.4.14}{\376\377\0004\000.\0009\000.\0004\000.\0001\0004\000\040\000m\000\137\000s\000c\000o\000r\000e\000T\000e\000x\000t}{subsection.4.9.4}% 179
\BOOKMARK [3][-]{subsubsection.4.9.4.15}{\376\377\0004\000.\0009\000.\0004\000.\0001\0005\000\040\000m\000\137\000s\000t\000r\000o\000k\000e\000s}{subsection.4.9.4}% 180
\BOOKMARK [3][-]{subsubsection.4.9.4.16}{\376\377\0004\000.\0009\000.\0004\000.\0001\0006\000\040\000m\000\137\000t\000i\000t\000l\000e}{subsection.4.9.4}% 181
\BOOKMARK [1][-]{section.4.10}{\376\377\0004\000.\0001\0000\000\040\000D\000o\000k\000u\000m\000e\000n\000t\000a\000c\000j\000a\000\040\000k\000l\000a\000s\000y\000\040\000L\000e\000v\000e\000l\000M\000a\000n\000a\000g\000e\000r}{chapter.4}% 182
\BOOKMARK [2][-]{subsection.4.10.1}{\376\377\0004\000.\0001\0000\000.\0001\000\040\000O\000p\000i\000s\000\040\000s\000z\000c\000z\000e\000g\000\363\001\102\000o\000w\000y}{section.4.10}% 183
\BOOKMARK [2][-]{subsection.4.10.2}{\376\377\0004\000.\0001\0000\000.\0002\000\040\000D\000o\000k\000u\000m\000e\000n\000t\000a\000c\000j\000a\000\040\000f\000u\000n\000k\000c\000j\000i\000\040\000s\000k\001\102\000a\000d\000o\000w\000y\000c\000h}{section.4.10}% 184
\BOOKMARK [3][-]{subsubsection.4.10.2.1}{\376\377\0004\000.\0001\0000\000.\0002\000.\0001\000\040\000c\000o\000l\000o\000r\000T\000o\000T\000i\000l\000e\000I\000D\000\050\000\051}{subsection.4.10.2}% 185
\BOOKMARK [3][-]{subsubsection.4.10.2.2}{\376\377\0004\000.\0001\0000\000.\0002\000.\0002\000\040\000l\000o\000a\000d\000L\000e\000v\000e\000l\000F\000r\000o\000m\000I\000m\000a\000g\000e\000\050\000\051}{subsection.4.10.2}% 186
\BOOKMARK [2][-]{subsection.4.10.3}{\376\377\0004\000.\0001\0000\000.\0003\000\040\000D\000o\000k\000u\000m\000e\000n\000t\000a\000c\000j\000a\000\040\000a\000t\000r\000y\000b\000u\000t\000\363\000w\000\040\000s\000k\001\102\000a\000d\000o\000w\000y\000c\000h}{section.4.10}% 187
\BOOKMARK [3][-]{subsubsection.4.10.3.1}{\376\377\0004\000.\0001\0000\000.\0003\000.\0001\000\040\000s\000t\000a\000r\000t\000P\000o\000s\000i\000t\000i\000o\000n}{subsection.4.10.3}% 188
\BOOKMARK [1][-]{section.4.11}{\376\377\0004\000.\0001\0001\000\040\000D\000o\000k\000u\000m\000e\000n\000t\000a\000c\000j\000a\000\040\000k\000l\000a\000s\000y\000\040\000L\000e\000v\000e\000l\000S\000e\000l\000e\000c\000t\000S\000t\000a\000t\000e}{chapter.4}% 189
\BOOKMARK [2][-]{subsection.4.11.1}{\376\377\0004\000.\0001\0001\000.\0001\000\040\000O\000p\000i\000s\000\040\000s\000z\000c\000z\000e\000g\000\363\001\102\000o\000w\000y}{section.4.11}% 190
\BOOKMARK [2][-]{subsection.4.11.2}{\376\377\0004\000.\0001\0001\000.\0002\000\040\000D\000o\000k\000u\000m\000e\000n\000t\000a\000c\000j\000a\000\040\000k\000o\000n\000s\000t\000r\000u\000k\000t\000o\000r\000a\000\040\000i\000\040\000d\000e\000s\000t\000r\000u\000k\000t\000o\000r\000a}{section.4.11}% 191
\BOOKMARK [3][-]{subsubsection.4.11.2.1}{\376\377\0004\000.\0001\0001\000.\0002\000.\0001\000\040\000L\000e\000v\000e\000l\000S\000e\000l\000e\000c\000t\000S\000t\000a\000t\000e\000\050\000\051}{subsection.4.11.2}% 192
\BOOKMARK [2][-]{subsection.4.11.3}{\376\377\0004\000.\0001\0001\000.\0003\000\040\000D\000o\000k\000u\000m\000e\000n\000t\000a\000c\000j\000a\000\040\000f\000u\000n\000k\000c\000j\000i\000\040\000s\000k\001\102\000a\000d\000o\000w\000y\000c\000h}{section.4.11}% 193
\BOOKMARK [3][-]{subsubsection.4.11.3.1}{\376\377\0004\000.\0001\0001\000.\0003\000.\0001\000\040\000d\000r\000a\000w\000\050\000\051}{subsection.4.11.3}% 194
\BOOKMARK [3][-]{subsubsection.4.11.3.2}{\376\377\0004\000.\0001\0001\000.\0003\000.\0002\000\040\000h\000a\000n\000d\000l\000e\000I\000n\000p\000u\000t\000\050\000\051}{subsection.4.11.3}% 195
\BOOKMARK [3][-]{subsubsection.4.11.3.3}{\376\377\0004\000.\0001\0001\000.\0003\000.\0003\000\040\000i\000n\000i\000t\000\050\000\051}{subsection.4.11.3}% 196
\BOOKMARK [3][-]{subsubsection.4.11.3.4}{\376\377\0004\000.\0001\0001\000.\0003\000.\0004\000\040\000u\000p\000d\000a\000t\000e\000\050\000\051}{subsection.4.11.3}% 197
\BOOKMARK [2][-]{subsection.4.11.4}{\376\377\0004\000.\0001\0001\000.\0004\000\040\000D\000o\000k\000u\000m\000e\000n\000t\000a\000c\000j\000a\000\040\000a\000t\000r\000y\000b\000u\000t\000\363\000w\000\040\000s\000k\001\102\000a\000d\000o\000w\000y\000c\000h}{section.4.11}% 198
\BOOKMARK [3][-]{subsubsection.4.11.4.1}{\376\377\0004\000.\0001\0001\000.\0004\000.\0001\000\040\000m\000\137\000a\000l\000p\000h\000a}{subsection.4.11.4}% 199
\BOOKMARK [3][-]{subsubsection.4.11.4.2}{\376\377\0004\000.\0001\0001\000.\0004\000.\0002\000\040\000m\000\137\000b\000a\000c\000k\000B\000u\000t\000t\000o\000n}{subsection.4.11.4}% 200
\BOOKMARK [3][-]{subsubsection.4.11.4.3}{\376\377\0004\000.\0001\0001\000.\0004\000.\0003\000\040\000m\000\137\000d\000a\000t\000a}{subsection.4.11.4}% 201
\BOOKMARK [3][-]{subsubsection.4.11.4.4}{\376\377\0004\000.\0001\0001\000.\0004\000.\0004\000\040\000m\000\137\000f\000a\000d\000e\000R\000e\000c\000t}{subsection.4.11.4}% 202
\BOOKMARK [3][-]{subsubsection.4.11.4.5}{\376\377\0004\000.\0001\0001\000.\0004\000.\0005\000\040\000m\000\137\000i\000s\000F\000a\000d\000i\000n\000g\000I\000n}{subsection.4.11.4}% 203
\BOOKMARK [3][-]{subsubsection.4.11.4.6}{\376\377\0004\000.\0001\0001\000.\0004\000.\0006\000\040\000m\000\137\000i\000s\000T\000r\000a\000n\000s\000i\000t\000i\000o\000n\000i\000n\000g}{subsection.4.11.4}% 204
\BOOKMARK [3][-]{subsubsection.4.11.4.7}{\376\377\0004\000.\0001\0001\000.\0004\000.\0007\000\040\000m\000\137\000l\000e\000v\000e\000l\000B\000u\000t\000t\000o\000n\000s}{subsection.4.11.4}% 205
\BOOKMARK [3][-]{subsubsection.4.11.4.8}{\376\377\0004\000.\0001\0001\000.\0004\000.\0008\000\040\000m\000\137\000n\000e\000x\000t\000L\000e\000v\000e\000l\000T\000o\000L\000o\000a\000d}{subsection.4.11.4}% 206
\BOOKMARK [3][-]{subsubsection.4.11.4.9}{\376\377\0004\000.\0001\0001\000.\0004\000.\0009\000\040\000m\000\137\000t\000i\000t\000l\000e}{subsection.4.11.4}% 207
\BOOKMARK [1][-]{section.4.12}{\376\377\0004\000.\0001\0002\000\040\000D\000o\000k\000u\000m\000e\000n\000t\000a\000c\000j\000a\000\040\000k\000l\000a\000s\000y\000\040\000M\000a\000i\000n\000M\000e\000n\000u\000S\000t\000a\000t\000e}{chapter.4}% 208
\BOOKMARK [2][-]{subsection.4.12.1}{\376\377\0004\000.\0001\0002\000.\0001\000\040\000O\000p\000i\000s\000\040\000s\000z\000c\000z\000e\000g\000\363\001\102\000o\000w\000y}{section.4.12}% 209
\BOOKMARK [2][-]{subsection.4.12.2}{\376\377\0004\000.\0001\0002\000.\0002\000\040\000D\000o\000k\000u\000m\000e\000n\000t\000a\000c\000j\000a\000\040\000k\000o\000n\000s\000t\000r\000u\000k\000t\000o\000r\000a\000\040\000i\000\040\000d\000e\000s\000t\000r\000u\000k\000t\000o\000r\000a}{section.4.12}% 210
\BOOKMARK [3][-]{subsubsection.4.12.2.1}{\376\377\0004\000.\0001\0002\000.\0002\000.\0001\000\040\000M\000a\000i\000n\000M\000e\000n\000u\000S\000t\000a\000t\000e\000\050\000\051}{subsection.4.12.2}% 211
\BOOKMARK [2][-]{subsection.4.12.3}{\376\377\0004\000.\0001\0002\000.\0003\000\040\000D\000o\000k\000u\000m\000e\000n\000t\000a\000c\000j\000a\000\040\000f\000u\000n\000k\000c\000j\000i\000\040\000s\000k\001\102\000a\000d\000o\000w\000y\000c\000h}{section.4.12}% 212
\BOOKMARK [3][-]{subsubsection.4.12.3.1}{\376\377\0004\000.\0001\0002\000.\0003\000.\0001\000\040\000d\000r\000a\000w\000\050\000\051}{subsection.4.12.3}% 213
\BOOKMARK [3][-]{subsubsection.4.12.3.2}{\376\377\0004\000.\0001\0002\000.\0003\000.\0002\000\040\000h\000a\000n\000d\000l\000e\000I\000n\000p\000u\000t\000\050\000\051}{subsection.4.12.3}% 214
\BOOKMARK [3][-]{subsubsection.4.12.3.3}{\376\377\0004\000.\0001\0002\000.\0003\000.\0003\000\040\000i\000n\000i\000t\000\050\000\051}{subsection.4.12.3}% 215
\BOOKMARK [3][-]{subsubsection.4.12.3.4}{\376\377\0004\000.\0001\0002\000.\0003\000.\0004\000\040\000u\000p\000d\000a\000t\000e\000\050\000\051}{subsection.4.12.3}% 216
\BOOKMARK [2][-]{subsection.4.12.4}{\376\377\0004\000.\0001\0002\000.\0004\000\040\000D\000o\000k\000u\000m\000e\000n\000t\000a\000c\000j\000a\000\040\000a\000t\000r\000y\000b\000u\000t\000\363\000w\000\040\000s\000k\001\102\000a\000d\000o\000w\000y\000c\000h}{section.4.12}% 217
\BOOKMARK [3][-]{subsubsection.4.12.4.1}{\376\377\0004\000.\0001\0002\000.\0004\000.\0001\000\040\000m\000\137\000a\000l\000p\000h\000a}{subsection.4.12.4}% 218
\BOOKMARK [3][-]{subsubsection.4.12.4.2}{\376\377\0004\000.\0001\0002\000.\0004\000.\0002\000\040\000m\000\137\000b\000a\000c\000k\000g\000r\000o\000u\000n\000d}{subsection.4.12.4}% 219
\BOOKMARK [3][-]{subsubsection.4.12.4.3}{\376\377\0004\000.\0001\0002\000.\0004\000.\0003\000\040\000m\000\137\000d\000a\000t\000a}{subsection.4.12.4}% 220
\BOOKMARK [3][-]{subsubsection.4.12.4.4}{\376\377\0004\000.\0001\0002\000.\0004\000.\0004\000\040\000m\000\137\000e\000x\000i\000t\000B\000u\000t\000t\000o\000n}{subsection.4.12.4}% 221
\BOOKMARK [3][-]{subsubsection.4.12.4.5}{\376\377\0004\000.\0001\0002\000.\0004\000.\0005\000\040\000m\000\137\000f\000a\000d\000e\000R\000e\000c\000t}{subsection.4.12.4}% 222
\BOOKMARK [3][-]{subsubsection.4.12.4.6}{\376\377\0004\000.\0001\0002\000.\0004\000.\0006\000\040\000m\000\137\000g\000o\000T\000o\000L\000e\000a\000d\000e\000r\000b\000o\000a\000r\000d}{subsection.4.12.4}% 223
\BOOKMARK [3][-]{subsubsection.4.12.4.7}{\376\377\0004\000.\0001\0002\000.\0004\000.\0007\000\040\000m\000\137\000i\000s\000F\000a\000d\000i\000n\000g\000I\000n}{subsection.4.12.4}% 224
\BOOKMARK [3][-]{subsubsection.4.12.4.8}{\376\377\0004\000.\0001\0002\000.\0004\000.\0008\000\040\000m\000\137\000i\000s\000T\000r\000a\000n\000s\000i\000t\000i\000o\000n\000i\000n\000g}{subsection.4.12.4}% 225
\BOOKMARK [3][-]{subsubsection.4.12.4.9}{\376\377\0004\000.\0001\0002\000.\0004\000.\0009\000\040\000m\000\137\000l\000e\000a\000d\000e\000r\000b\000o\000a\000r\000d\000B\000u\000t\000t\000o\000n}{subsection.4.12.4}% 226
\BOOKMARK [3][-]{subsubsection.4.12.4.10}{\376\377\0004\000.\0001\0002\000.\0004\000.\0001\0000\000\040\000m\000\137\000p\000l\000a\000y\000B\000u\000t\000t\000o\000n}{subsection.4.12.4}% 227
\BOOKMARK [3][-]{subsubsection.4.12.4.11}{\376\377\0004\000.\0001\0002\000.\0004\000.\0001\0001\000\040\000m\000\137\000t\000i\000t\000l\000e}{subsection.4.12.4}% 228
\BOOKMARK [1][-]{section.4.13}{\376\377\0004\000.\0001\0003\000\040\000D\000o\000k\000u\000m\000e\000n\000t\000a\000c\000j\000a\000\040\000k\000l\000a\000s\000y\000\040\000P\000a\000u\000s\000e\000M\000e\000n\000u\000S\000t\000a\000t\000e}{chapter.4}% 229
\BOOKMARK [2][-]{subsection.4.13.1}{\376\377\0004\000.\0001\0003\000.\0001\000\040\000O\000p\000i\000s\000\040\000s\000z\000c\000z\000e\000g\000\363\001\102\000o\000w\000y}{section.4.13}% 230
\BOOKMARK [2][-]{subsection.4.13.2}{\376\377\0004\000.\0001\0003\000.\0002\000\040\000D\000o\000k\000u\000m\000e\000n\000t\000a\000c\000j\000a\000\040\000k\000o\000n\000s\000t\000r\000u\000k\000t\000o\000r\000a\000\040\000i\000\040\000d\000e\000s\000t\000r\000u\000k\000t\000o\000r\000a}{section.4.13}% 231
\BOOKMARK [3][-]{subsubsection.4.13.2.1}{\376\377\0004\000.\0001\0003\000.\0002\000.\0001\000\040\000P\000a\000u\000s\000e\000M\000e\000n\000u\000S\000t\000a\000t\000e\000\050\000\051}{subsection.4.13.2}% 232
\BOOKMARK [2][-]{subsection.4.13.3}{\376\377\0004\000.\0001\0003\000.\0003\000\040\000D\000o\000k\000u\000m\000e\000n\000t\000a\000c\000j\000a\000\040\000f\000u\000n\000k\000c\000j\000i\000\040\000s\000k\001\102\000a\000d\000o\000w\000y\000c\000h}{section.4.13}% 233
\BOOKMARK [3][-]{subsubsection.4.13.3.1}{\376\377\0004\000.\0001\0003\000.\0003\000.\0001\000\040\000d\000r\000a\000w\000\050\000\051}{subsection.4.13.3}% 234
\BOOKMARK [3][-]{subsubsection.4.13.3.2}{\376\377\0004\000.\0001\0003\000.\0003\000.\0002\000\040\000h\000a\000n\000d\000l\000e\000I\000n\000p\000u\000t\000\050\000\051}{subsection.4.13.3}% 235
\BOOKMARK [3][-]{subsubsection.4.13.3.3}{\376\377\0004\000.\0001\0003\000.\0003\000.\0003\000\040\000i\000n\000i\000t\000\050\000\051}{subsection.4.13.3}% 236
\BOOKMARK [3][-]{subsubsection.4.13.3.4}{\376\377\0004\000.\0001\0003\000.\0003\000.\0004\000\040\000u\000p\000d\000a\000t\000e\000\050\000\051}{subsection.4.13.3}% 237
\BOOKMARK [2][-]{subsection.4.13.4}{\376\377\0004\000.\0001\0003\000.\0004\000\040\000D\000o\000k\000u\000m\000e\000n\000t\000a\000c\000j\000a\000\040\000a\000t\000r\000y\000b\000u\000t\000\363\000w\000\040\000s\000k\001\102\000a\000d\000o\000w\000y\000c\000h}{section.4.13}% 238
\BOOKMARK [3][-]{subsubsection.4.13.4.1}{\376\377\0004\000.\0001\0003\000.\0004\000.\0001\000\040\000m\000\137\000a\000l\000p\000h\000a}{subsection.4.13.4}% 239
\BOOKMARK [3][-]{subsubsection.4.13.4.2}{\376\377\0004\000.\0001\0003\000.\0004\000.\0002\000\040\000m\000\137\000b\000a\000c\000k\000g\000r\000o\000u\000n\000d\000S\000p\000r\000i\000t\000e}{subsection.4.13.4}% 240
\BOOKMARK [3][-]{subsubsection.4.13.4.3}{\376\377\0004\000.\0001\0003\000.\0004\000.\0003\000\040\000m\000\137\000b\000g\000T\000e\000x\000t\000u\000r\000e}{subsection.4.13.4}% 241
\BOOKMARK [3][-]{subsubsection.4.13.4.4}{\376\377\0004\000.\0001\0003\000.\0004\000.\0004\000\040\000m\000\137\000c\000u\000r\000r\000e\000n\000t\000L\000e\000v\000e\000l}{subsection.4.13.4}% 242
\BOOKMARK [3][-]{subsubsection.4.13.4.5}{\376\377\0004\000.\0001\0003\000.\0004\000.\0005\000\040\000m\000\137\000d\000a\000t\000a}{subsection.4.13.4}% 243
\BOOKMARK [3][-]{subsubsection.4.13.4.6}{\376\377\0004\000.\0001\0003\000.\0004\000.\0006\000\040\000m\000\137\000d\000i\000m\000m\000e\000r}{subsection.4.13.4}% 244
\BOOKMARK [3][-]{subsubsection.4.13.4.7}{\376\377\0004\000.\0001\0003\000.\0004\000.\0007\000\040\000m\000\137\000f\000a\000d\000e\000R\000e\000c\000t}{subsection.4.13.4}% 245
\BOOKMARK [3][-]{subsubsection.4.13.4.8}{\376\377\0004\000.\0001\0003\000.\0004\000.\0008\000\040\000m\000\137\000i\000s\000G\000o\000i\000n\000g\000T\000o\000M\000e\000n\000u}{subsection.4.13.4}% 246
\BOOKMARK [3][-]{subsubsection.4.13.4.9}{\376\377\0004\000.\0001\0003\000.\0004\000.\0009\000\040\000m\000\137\000i\000s\000R\000e\000s\000e\000t\000i\000n\000g}{subsection.4.13.4}% 247
\BOOKMARK [3][-]{subsubsection.4.13.4.10}{\376\377\0004\000.\0001\0003\000.\0004\000.\0001\0000\000\040\000m\000\137\000m\000e\000n\000u\000B\000u\000t\000t\000o\000n}{subsection.4.13.4}% 248
\BOOKMARK [3][-]{subsubsection.4.13.4.11}{\376\377\0004\000.\0001\0003\000.\0004\000.\0001\0001\000\040\000m\000\137\000p\000a\000u\000s\000e\000T\000i\000t\000l\000e}{subsection.4.13.4}% 249
\BOOKMARK [3][-]{subsubsection.4.13.4.12}{\376\377\0004\000.\0001\0003\000.\0004\000.\0001\0002\000\040\000m\000\137\000r\000e\000s\000e\000t\000B\000u\000t\000t\000o\000n}{subsection.4.13.4}% 250
\BOOKMARK [3][-]{subsubsection.4.13.4.13}{\376\377\0004\000.\0001\0003\000.\0004\000.\0001\0003\000\040\000m\000\137\000r\000e\000s\000u\000m\000e\000B\000u\000t\000t\000o\000n}{subsection.4.13.4}% 251
\BOOKMARK [1][-]{section.4.14}{\376\377\0004\000.\0001\0004\000\040\000D\000o\000k\000u\000m\000e\000n\000t\000a\000c\000j\000a\000\040\000k\000l\000a\000s\000y\000\040\000R\000e\000s\000o\000u\000r\000c\000e\000M\000a\000n\000a\000g\000e\000r}{chapter.4}% 252
\BOOKMARK [2][-]{subsection.4.14.1}{\376\377\0004\000.\0001\0004\000.\0001\000\040\000O\000p\000i\000s\000\040\000s\000z\000c\000z\000e\000g\000\363\001\102\000o\000w\000y}{section.4.14}% 253
\BOOKMARK [2][-]{subsection.4.14.2}{\376\377\0004\000.\0001\0004\000.\0002\000\040\000D\000o\000k\000u\000m\000e\000n\000t\000a\000c\000j\000a\000\040\000k\000o\000n\000s\000t\000r\000u\000k\000t\000o\000r\000a\000\040\000i\000\040\000d\000e\000s\000t\000r\000u\000k\000t\000o\000r\000a}{section.4.14}% 254
\BOOKMARK [3][-]{subsubsection.4.14.2.1}{\376\377\0004\000.\0001\0004\000.\0002\000.\0001\000\040\000R\000e\000s\000o\000u\000r\000c\000e\000M\000a\000n\000a\000g\000e\000r\000\050\000\051}{subsection.4.14.2}% 255
\BOOKMARK [2][-]{subsection.4.14.3}{\376\377\0004\000.\0001\0004\000.\0003\000\040\000D\000o\000k\000u\000m\000e\000n\000t\000a\000c\000j\000a\000\040\000f\000u\000n\000k\000c\000j\000i\000\040\000s\000k\001\102\000a\000d\000o\000w\000y\000c\000h}{section.4.14}% 256
\BOOKMARK [3][-]{subsubsection.4.14.3.1}{\376\377\0004\000.\0001\0004\000.\0003\000.\0001\000\040\000c\000l\000e\000a\000n\000U\000p\000A\000l\000l\000R\000e\000s\000o\000u\000r\000c\000e\000s\000\050\000\051}{subsection.4.14.3}% 257
\BOOKMARK [3][-]{subsubsection.4.14.3.2}{\376\377\0004\000.\0001\0004\000.\0003\000.\0002\000\040\000l\000o\000a\000d\000A\000l\000l\000R\000e\000s\000o\000u\000r\000c\000e\000s\000\050\000\051}{subsection.4.14.3}% 258
\BOOKMARK [1][-]{section.4.15}{\376\377\0004\000.\0001\0005\000\040\000D\000o\000k\000u\000m\000e\000n\000t\000a\000c\000j\000a\000\040\000k\000l\000a\000s\000y\000\040\000S\000a\000v\000e\000M\000a\000n\000a\000g\000e\000r}{chapter.4}% 259
\BOOKMARK [2][-]{subsection.4.15.1}{\376\377\0004\000.\0001\0005\000.\0001\000\040\000O\000p\000i\000s\000\040\000s\000z\000c\000z\000e\000g\000\363\001\102\000o\000w\000y}{section.4.15}% 260
\BOOKMARK [2][-]{subsection.4.15.2}{\376\377\0004\000.\0001\0005\000.\0002\000\040\000D\000o\000k\000u\000m\000e\000n\000t\000a\000c\000j\000a\000\040\000f\000u\000n\000k\000c\000j\000i\000\040\000s\000k\001\102\000a\000d\000o\000w\000y\000c\000h}{section.4.15}% 261
\BOOKMARK [3][-]{subsubsection.4.15.2.1}{\376\377\0004\000.\0001\0005\000.\0002\000.\0001\000\040\000g\000e\000t\000B\000e\000s\000t\000S\000c\000o\000r\000e\000\050\000\051}{subsection.4.15.2}% 262
\BOOKMARK [3][-]{subsubsection.4.15.2.2}{\376\377\0004\000.\0001\0005\000.\0002\000.\0002\000\040\000g\000e\000t\000U\000n\000l\000o\000c\000k\000e\000d\000L\000e\000v\000e\000l\000\050\000\051}{subsection.4.15.2}% 263
\BOOKMARK [3][-]{subsubsection.4.15.2.3}{\376\377\0004\000.\0001\0005\000.\0002\000.\0003\000\040\000i\000n\000i\000t\000\050\000\051}{subsection.4.15.2}% 264
\BOOKMARK [3][-]{subsubsection.4.15.2.4}{\376\377\0004\000.\0001\0005\000.\0002\000.\0004\000\040\000l\000o\000a\000d\000\050\000\051}{subsection.4.15.2}% 265
\BOOKMARK [3][-]{subsubsection.4.15.2.5}{\376\377\0004\000.\0001\0005\000.\0002\000.\0005\000\040\000s\000a\000v\000e\000\050\000\051}{subsection.4.15.2}% 266
\BOOKMARK [3][-]{subsubsection.4.15.2.6}{\376\377\0004\000.\0001\0005\000.\0002\000.\0006\000\040\000s\000u\000b\000m\000i\000t\000S\000c\000o\000r\000e\000\050\000\051}{subsection.4.15.2}% 267
\BOOKMARK [2][-]{subsection.4.15.3}{\376\377\0004\000.\0001\0005\000.\0003\000\040\000D\000o\000k\000u\000m\000e\000n\000t\000a\000c\000j\000a\000\040\000a\000t\000r\000y\000b\000u\000t\000\363\000w\000\040\000s\000k\001\102\000a\000d\000o\000w\000y\000c\000h}{section.4.15}% 268
\BOOKMARK [3][-]{subsubsection.4.15.3.1}{\376\377\0004\000.\0001\0005\000.\0003\000.\0001\000\040\000b\000e\000s\000t\000S\000c\000o\000r\000e\000s}{subsection.4.15.3}% 269
\BOOKMARK [3][-]{subsubsection.4.15.3.2}{\376\377\0004\000.\0001\0005\000.\0003\000.\0002\000\040\000f\000i\000l\000e\000N\000a\000m\000e}{subsection.4.15.3}% 270
\BOOKMARK [3][-]{subsubsection.4.15.3.3}{\376\377\0004\000.\0001\0005\000.\0003\000.\0003\000\040\000u\000n\000l\000o\000c\000k\000e\000d\000L\000e\000v\000e\000l}{subsection.4.15.3}% 271
\BOOKMARK [1][-]{section.4.16}{\376\377\0004\000.\0001\0006\000\040\000D\000o\000k\000u\000m\000e\000n\000t\000a\000c\000j\000a\000\040\000k\000l\000a\000s\000y\000\040\000S\000o\000u\000n\000d\000M\000a\000n\000a\000g\000e\000r}{chapter.4}% 272
\BOOKMARK [2][-]{subsection.4.16.1}{\376\377\0004\000.\0001\0006\000.\0001\000\040\000O\000p\000i\000s\000\040\000s\000z\000c\000z\000e\000g\000\363\001\102\000o\000w\000y}{section.4.16}% 273
\BOOKMARK [2][-]{subsection.4.16.2}{\376\377\0004\000.\0001\0006\000.\0002\000\040\000D\000o\000k\000u\000m\000e\000n\000t\000a\000c\000j\000a\000\040\000k\000o\000n\000s\000t\000r\000u\000k\000t\000o\000r\000a\000\040\000i\000\040\000d\000e\000s\000t\000r\000u\000k\000t\000o\000r\000a}{section.4.16}% 274
\BOOKMARK [3][-]{subsubsection.4.16.2.1}{\376\377\0004\000.\0001\0006\000.\0002\000.\0001\000\040\000S\000o\000u\000n\000d\000M\000a\000n\000a\000g\000e\000r\000\050\000\051}{subsection.4.16.2}% 275
\BOOKMARK [2][-]{subsection.4.16.3}{\376\377\0004\000.\0001\0006\000.\0003\000\040\000D\000o\000k\000u\000m\000e\000n\000t\000a\000c\000j\000a\000\040\000f\000u\000n\000k\000c\000j\000i\000\040\000s\000k\001\102\000a\000d\000o\000w\000y\000c\000h}{section.4.16}% 276
\BOOKMARK [3][-]{subsubsection.4.16.3.1}{\376\377\0004\000.\0001\0006\000.\0003\000.\0001\000\040\000c\000l\000e\000a\000n\000u\000p\000\050\000\051}{subsection.4.16.3}% 277
\BOOKMARK [3][-]{subsubsection.4.16.3.2}{\376\377\0004\000.\0001\0006\000.\0003\000.\0002\000\040\000g\000e\000t\000\050\000\051}{subsection.4.16.3}% 278
\BOOKMARK [3][-]{subsubsection.4.16.3.3}{\376\377\0004\000.\0001\0006\000.\0003\000.\0003\000\040\000l\000o\000a\000d\000\050\000\051}{subsection.4.16.3}% 279
\BOOKMARK [2][-]{subsection.4.16.4}{\376\377\0004\000.\0001\0006\000.\0004\000\040\000D\000o\000k\000u\000m\000e\000n\000t\000a\000c\000j\000a\000\040\000a\000t\000r\000y\000b\000u\000t\000\363\000w\000\040\000s\000k\001\102\000a\000d\000o\000w\000y\000c\000h}{section.4.16}% 280
\BOOKMARK [3][-]{subsubsection.4.16.4.1}{\376\377\0004\000.\0001\0006\000.\0004\000.\0001\000\040\000m\000\137\000S\000o\000u\000n\000d\000s}{subsection.4.16.4}% 281
\BOOKMARK [1][-]{section.4.17}{\376\377\0004\000.\0001\0007\000\040\000D\000o\000k\000u\000m\000e\000n\000t\000a\000c\000j\000a\000\040\000k\000l\000a\000s\000y\000\040\000S\000t\000a\000t\000e}{chapter.4}% 282
\BOOKMARK [2][-]{subsection.4.17.1}{\376\377\0004\000.\0001\0007\000.\0001\000\040\000O\000p\000i\000s\000\040\000s\000z\000c\000z\000e\000g\000\363\001\102\000o\000w\000y}{section.4.17}% 283
\BOOKMARK [2][-]{subsection.4.17.2}{\376\377\0004\000.\0001\0007\000.\0002\000\040\000D\000o\000k\000u\000m\000e\000n\000t\000a\000c\000j\000a\000\040\000k\000o\000n\000s\000t\000r\000u\000k\000t\000o\000r\000a\000\040\000i\000\040\000d\000e\000s\000t\000r\000u\000k\000t\000o\000r\000a}{section.4.17}% 284
\BOOKMARK [3][-]{subsubsection.4.17.2.1}{\376\377\0004\000.\0001\0007\000.\0002\000.\0001\000\040\000~\000S\000t\000a\000t\000e\000\050\000\051}{subsection.4.17.2}% 285
\BOOKMARK [2][-]{subsection.4.17.3}{\376\377\0004\000.\0001\0007\000.\0003\000\040\000D\000o\000k\000u\000m\000e\000n\000t\000a\000c\000j\000a\000\040\000f\000u\000n\000k\000c\000j\000i\000\040\000s\000k\001\102\000a\000d\000o\000w\000y\000c\000h}{section.4.17}% 286
\BOOKMARK [3][-]{subsubsection.4.17.3.1}{\376\377\0004\000.\0001\0007\000.\0003\000.\0001\000\040\000d\000r\000a\000w\000\050\000\051}{subsection.4.17.3}% 287
\BOOKMARK [3][-]{subsubsection.4.17.3.2}{\376\377\0004\000.\0001\0007\000.\0003\000.\0002\000\040\000h\000a\000n\000d\000l\000e\000I\000n\000p\000u\000t\000\050\000\051}{subsection.4.17.3}% 288
\BOOKMARK [3][-]{subsubsection.4.17.3.3}{\376\377\0004\000.\0001\0007\000.\0003\000.\0003\000\040\000i\000n\000i\000t\000\050\000\051}{subsection.4.17.3}% 289
\BOOKMARK [3][-]{subsubsection.4.17.3.4}{\376\377\0004\000.\0001\0007\000.\0003\000.\0004\000\040\000p\000a\000u\000s\000e\000\050\000\051}{subsection.4.17.3}% 290
\BOOKMARK [3][-]{subsubsection.4.17.3.5}{\376\377\0004\000.\0001\0007\000.\0003\000.\0005\000\040\000r\000e\000s\000u\000m\000e\000\050\000\051}{subsection.4.17.3}% 291
\BOOKMARK [3][-]{subsubsection.4.17.3.6}{\376\377\0004\000.\0001\0007\000.\0003\000.\0006\000\040\000u\000p\000d\000a\000t\000e\000\050\000\051}{subsection.4.17.3}% 292
\BOOKMARK [1][-]{section.4.18}{\376\377\0004\000.\0001\0008\000\040\000D\000o\000k\000u\000m\000e\000n\000t\000a\000c\000j\000a\000\040\000k\000l\000a\000s\000y\000\040\000S\000t\000a\000t\000e\000M\000a\000n\000a\000g\000e\000r}{chapter.4}% 293
\BOOKMARK [2][-]{subsection.4.18.1}{\376\377\0004\000.\0001\0008\000.\0001\000\040\000O\000p\000i\000s\000\040\000s\000z\000c\000z\000e\000g\000\363\001\102\000o\000w\000y}{section.4.18}% 294
\BOOKMARK [2][-]{subsection.4.18.2}{\376\377\0004\000.\0001\0008\000.\0002\000\040\000D\000o\000k\000u\000m\000e\000n\000t\000a\000c\000j\000a\000\040\000k\000o\000n\000s\000t\000r\000u\000k\000t\000o\000r\000a\000\040\000i\000\040\000d\000e\000s\000t\000r\000u\000k\000t\000o\000r\000a}{section.4.18}% 295
\BOOKMARK [3][-]{subsubsection.4.18.2.1}{\376\377\0004\000.\0001\0008\000.\0002\000.\0001\000\040\000S\000t\000a\000t\000e\000M\000a\000n\000a\000g\000e\000r\000\050\000\051}{subsection.4.18.2}% 296
\BOOKMARK [3][-]{subsubsection.4.18.2.2}{\376\377\0004\000.\0001\0008\000.\0002\000.\0002\000\040\000~\000S\000t\000a\000t\000e\000M\000a\000n\000a\000g\000e\000r\000\050\000\051}{subsection.4.18.2}% 297
\BOOKMARK [2][-]{subsection.4.18.3}{\376\377\0004\000.\0001\0008\000.\0003\000\040\000D\000o\000k\000u\000m\000e\000n\000t\000a\000c\000j\000a\000\040\000f\000u\000n\000k\000c\000j\000i\000\040\000s\000k\001\102\000a\000d\000o\000w\000y\000c\000h}{section.4.18}% 298
\BOOKMARK [3][-]{subsubsection.4.18.3.1}{\376\377\0004\000.\0001\0008\000.\0003\000.\0001\000\040\000a\000d\000d\000S\000t\000a\000t\000e\000\050\000\051}{subsection.4.18.3}% 299
\BOOKMARK [3][-]{subsubsection.4.18.3.2}{\376\377\0004\000.\0001\0008\000.\0003\000.\0002\000\040\000g\000e\000t\000A\000c\000t\000i\000v\000e\000S\000t\000a\000t\000e\000\050\000\051}{subsection.4.18.3}% 300
\BOOKMARK [3][-]{subsubsection.4.18.3.3}{\376\377\0004\000.\0001\0008\000.\0003\000.\0003\000\040\000p\000r\000o\000c\000e\000s\000s\000S\000t\000a\000t\000e\000C\000h\000a\000n\000g\000e\000s\000\050\000\051}{subsection.4.18.3}% 301
\BOOKMARK [3][-]{subsubsection.4.18.3.4}{\376\377\0004\000.\0001\0008\000.\0003\000.\0004\000\040\000r\000e\000m\000o\000v\000e\000S\000t\000a\000t\000e\000\050\000\051}{subsection.4.18.3}% 302
\BOOKMARK [3][-]{subsubsection.4.18.3.5}{\376\377\0004\000.\0001\0008\000.\0003\000.\0005\000\040\000s\000w\000i\000t\000c\000h\000S\000t\000a\000t\000e\000\050\000\051}{subsection.4.18.3}% 303
\BOOKMARK [2][-]{subsection.4.18.4}{\376\377\0004\000.\0001\0008\000.\0004\000\040\000D\000o\000k\000u\000m\000e\000n\000t\000a\000c\000j\000a\000\040\000a\000t\000r\000y\000b\000u\000t\000\363\000w\000\040\000s\000k\001\102\000a\000d\000o\000w\000y\000c\000h}{section.4.18}% 304
\BOOKMARK [3][-]{subsubsection.4.18.4.1}{\376\377\0004\000.\0001\0008\000.\0004\000.\0001\000\040\000m\000\137\000i\000s\000A\000d\000d\000i\000n\000g}{subsection.4.18.4}% 305
\BOOKMARK [3][-]{subsubsection.4.18.4.2}{\376\377\0004\000.\0001\0008\000.\0004\000.\0002\000\040\000m\000\137\000i\000s\000C\000l\000e\000a\000r\000i\000n\000g}{subsection.4.18.4}% 306
\BOOKMARK [3][-]{subsubsection.4.18.4.3}{\376\377\0004\000.\0001\0008\000.\0004\000.\0003\000\040\000m\000\137\000i\000s\000R\000e\000m\000o\000v\000i\000n\000g}{subsection.4.18.4}% 307
\BOOKMARK [3][-]{subsubsection.4.18.4.4}{\376\377\0004\000.\0001\0008\000.\0004\000.\0004\000\040\000m\000\137\000i\000s\000R\000e\000p\000l\000a\000c\000i\000n\000g}{subsection.4.18.4}% 308
\BOOKMARK [3][-]{subsubsection.4.18.4.5}{\376\377\0004\000.\0001\0008\000.\0004\000.\0005\000\040\000m\000\137\000n\000e\000w\000S\000t\000a\000t\000e}{subsection.4.18.4}% 309
\BOOKMARK [3][-]{subsubsection.4.18.4.6}{\376\377\0004\000.\0001\0008\000.\0004\000.\0006\000\040\000m\000\137\000s\000t\000a\000t\000e\000s}{subsection.4.18.4}% 310
\BOOKMARK [1][-]{section.4.19}{\376\377\0004\000.\0001\0009\000\040\000D\000o\000k\000u\000m\000e\000n\000t\000a\000c\000j\000a\000\040\000k\000l\000a\000s\000y\000\040\000T\000e\000x\000t\000u\000r\000e\000M\000a\000n\000a\000g\000e\000r}{chapter.4}% 311
\BOOKMARK [2][-]{subsection.4.19.1}{\376\377\0004\000.\0001\0009\000.\0001\000\040\000O\000p\000i\000s\000\040\000s\000z\000c\000z\000e\000g\000\363\001\102\000o\000w\000y}{section.4.19}% 312
\BOOKMARK [2][-]{subsection.4.19.2}{\376\377\0004\000.\0001\0009\000.\0002\000\040\000D\000o\000k\000u\000m\000e\000n\000t\000a\000c\000j\000a\000\040\000k\000o\000n\000s\000t\000r\000u\000k\000t\000o\000r\000a\000\040\000i\000\040\000d\000e\000s\000t\000r\000u\000k\000t\000o\000r\000a}{section.4.19}% 313
\BOOKMARK [3][-]{subsubsection.4.19.2.1}{\376\377\0004\000.\0001\0009\000.\0002\000.\0001\000\040\000T\000e\000x\000t\000u\000r\000e\000M\000a\000n\000a\000g\000e\000r\000\050\000\051}{subsection.4.19.2}% 314
\BOOKMARK [2][-]{subsection.4.19.3}{\376\377\0004\000.\0001\0009\000.\0003\000\040\000D\000o\000k\000u\000m\000e\000n\000t\000a\000c\000j\000a\000\040\000f\000u\000n\000k\000c\000j\000i\000\040\000s\000k\001\102\000a\000d\000o\000w\000y\000c\000h}{section.4.19}% 315
\BOOKMARK [3][-]{subsubsection.4.19.3.1}{\376\377\0004\000.\0001\0009\000.\0003\000.\0001\000\040\000c\000l\000e\000a\000n\000u\000p\000\050\000\051}{subsection.4.19.3}% 316
\BOOKMARK [3][-]{subsubsection.4.19.3.2}{\376\377\0004\000.\0001\0009\000.\0003\000.\0002\000\040\000g\000e\000t\000\050\000\051}{subsection.4.19.3}% 317
\BOOKMARK [3][-]{subsubsection.4.19.3.3}{\376\377\0004\000.\0001\0009\000.\0003\000.\0003\000\040\000l\000o\000a\000d\000\050\000\051}{subsection.4.19.3}% 318
\BOOKMARK [2][-]{subsection.4.19.4}{\376\377\0004\000.\0001\0009\000.\0004\000\040\000D\000o\000k\000u\000m\000e\000n\000t\000a\000c\000j\000a\000\040\000a\000t\000r\000y\000b\000u\000t\000\363\000w\000\040\000s\000k\001\102\000a\000d\000o\000w\000y\000c\000h}{section.4.19}% 319
\BOOKMARK [3][-]{subsubsection.4.19.4.1}{\376\377\0004\000.\0001\0009\000.\0004\000.\0001\000\040\000m\000\137\000T\000e\000x\000t\000u\000r\000e\000s}{subsection.4.19.4}% 320
\BOOKMARK [1][-]{section.4.20}{\376\377\0004\000.\0002\0000\000\040\000D\000o\000k\000u\000m\000e\000n\000t\000a\000c\000j\000a\000\040\000k\000l\000a\000s\000y\000\040\000T\000i\000l\000e\000M\000a\000p}{chapter.4}% 321
\BOOKMARK [2][-]{subsection.4.20.1}{\376\377\0004\000.\0002\0000\000.\0001\000\040\000O\000p\000i\000s\000\040\000s\000z\000c\000z\000e\000g\000\363\001\102\000o\000w\000y}{section.4.20}% 322
\BOOKMARK [2][-]{subsection.4.20.2}{\376\377\0004\000.\0002\0000\000.\0002\000\040\000D\000o\000k\000u\000m\000e\000n\000t\000a\000c\000j\000a\000\040\000f\000u\000n\000k\000c\000j\000i\000\040\000s\000k\001\102\000a\000d\000o\000w\000y\000c\000h}{section.4.20}% 323
\BOOKMARK [3][-]{subsubsection.4.20.2.1}{\376\377\0004\000.\0002\0000\000.\0002\000.\0001\000\040\000d\000r\000a\000w\000\050\000\051}{subsection.4.20.2}% 324
\BOOKMARK [3][-]{subsubsection.4.20.2.2}{\376\377\0004\000.\0002\0000\000.\0002\000.\0002\000\040\000l\000o\000a\000d\000\050\000\051}{subsection.4.20.2}% 325
\BOOKMARK [2][-]{subsection.4.20.3}{\376\377\0004\000.\0002\0000\000.\0003\000\040\000D\000o\000k\000u\000m\000e\000n\000t\000a\000c\000j\000a\000\040\000a\000t\000r\000y\000b\000u\000t\000\363\000w\000\040\000s\000k\001\102\000a\000d\000o\000w\000y\000c\000h}{section.4.20}% 326
\BOOKMARK [3][-]{subsubsection.4.20.3.1}{\376\377\0004\000.\0002\0000\000.\0003\000.\0001\000\040\000m\000\137\000t\000i\000l\000e\000s\000e\000t}{subsection.4.20.3}% 327
\BOOKMARK [3][-]{subsubsection.4.20.3.2}{\376\377\0004\000.\0002\0000\000.\0003\000.\0002\000\040\000m\000\137\000v\000e\000r\000t\000i\000c\000e\000s}{subsection.4.20.3}% 328
\BOOKMARK [0][-]{chapter.5}{\376\377\0005\000\040\000D\000o\000k\000u\000m\000e\000n\000t\000a\000c\000j\000a\000\040\000p\000l\000i\000k\000\363\000w}{}% 329
\BOOKMARK [1][-]{section.5.1}{\376\377\0005\000.\0001\000\040\000D\000o\000k\000u\000m\000e\000n\000t\000a\000c\000j\000a\000\040\000p\000l\000i\000k\000u\000\040\000B\000a\000l\000l\000.\000c\000p\000p}{chapter.5}% 330
\BOOKMARK [1][-]{section.5.2}{\376\377\0005\000.\0002\000\040\000D\000o\000k\000u\000m\000e\000n\000t\000a\000c\000j\000a\000\040\000p\000l\000i\000k\000u\000\040\000B\000a\000l\000l\000.\000h}{chapter.5}% 331
\BOOKMARK [1][-]{section.5.3}{\376\377\0005\000.\0003\000\040\000B\000a\000l\000l\000.\000h}{chapter.5}% 332
\BOOKMARK [1][-]{section.5.4}{\376\377\0005\000.\0004\000\040\000D\000o\000k\000u\000m\000e\000n\000t\000a\000c\000j\000a\000\040\000p\000l\000i\000k\000u\000\040\000D\000E\000F\000I\000N\000I\000T\000I\000O\000N\000S\000.\000h}{chapter.5}% 333
\BOOKMARK [2][-]{subsection.5.4.1}{\376\377\0005\000.\0004\000.\0001\000\040\000O\000p\000i\000s\000\040\000s\000z\000c\000z\000e\000g\000\363\001\102\000o\000w\000y}{section.5.4}% 334
\BOOKMARK [2][-]{subsection.5.4.2}{\376\377\0005\000.\0004\000.\0002\000\040\000D\000o\000k\000u\000m\000e\000n\000t\000a\000c\000j\000a\000\040\000d\000e\000f\000i\000n\000i\000c\000j\000i}{section.5.4}% 335
\BOOKMARK [3][-]{subsubsection.5.4.2.1}{\376\377\0005\000.\0004\000.\0002\000.\0001\000\040\000B\000A\000L\000L\000\137\000T\000E\000X\000T\000U\000R\000E\000\137\000P\000A\000T\000H}{subsection.5.4.2}% 336
\BOOKMARK [3][-]{subsubsection.5.4.2.2}{\376\377\0005\000.\0004\000.\0002\000.\0002\000\040\000F\000O\000N\000T\000\137\000P\000A\000T\000H}{subsection.5.4.2}% 337
\BOOKMARK [3][-]{subsubsection.5.4.2.3}{\376\377\0005\000.\0004\000.\0002\000.\0003\000\040\000H\000E\000A\000R\000T\000\137\000P\000A\000T\000H}{subsection.5.4.2}% 338
\BOOKMARK [3][-]{subsubsection.5.4.2.4}{\376\377\0005\000.\0004\000.\0002\000.\0004\000\040\000H\000E\000A\000R\000T\000\137\000W\000H\000I\000T\000E\000\137\000P\000A\000T\000H}{subsection.5.4.2}% 339
\BOOKMARK [3][-]{subsubsection.5.4.2.5}{\376\377\0005\000.\0004\000.\0002\000.\0005\000\040\000H\000I\000T\000\137\000P\000A\000T\000H}{subsection.5.4.2}% 340
\BOOKMARK [3][-]{subsubsection.5.4.2.6}{\376\377\0005\000.\0004\000.\0002\000.\0006\000\040\000L\000E\000V\000E\000L\000\137\000H\000E\000I\000G\000H\000T}{subsection.5.4.2}% 341
\BOOKMARK [3][-]{subsubsection.5.4.2.7}{\376\377\0005\000.\0004\000.\0002\000.\0007\000\040\000L\000E\000V\000E\000L\000\137\000W\000I\000D\000T\000H}{subsection.5.4.2}% 342
\BOOKMARK [3][-]{subsubsection.5.4.2.8}{\376\377\0005\000.\0004\000.\0002\000.\0008\000\040\000S\000C\000R\000E\000E\000N\000\137\000H\000E\000I\000G\000H\000T}{subsection.5.4.2}% 343
\BOOKMARK [3][-]{subsubsection.5.4.2.9}{\376\377\0005\000.\0004\000.\0002\000.\0009\000\040\000S\000C\000R\000E\000E\000N\000\137\000W\000I\000D\000T\000H}{subsection.5.4.2}% 344
\BOOKMARK [3][-]{subsubsection.5.4.2.10}{\376\377\0005\000.\0004\000.\0002\000.\0001\0000\000\040\000S\000P\000L\000A\000S\000H\000\137\000P\000A\000T\000H}{subsection.5.4.2}% 345
\BOOKMARK [3][-]{subsubsection.5.4.2.11}{\376\377\0005\000.\0004\000.\0002\000.\0001\0001\000\040\000T\000I\000L\000E\000\137\000S\000I\000Z\000E}{subsection.5.4.2}% 346
\BOOKMARK [3][-]{subsubsection.5.4.2.12}{\376\377\0005\000.\0004\000.\0002\000.\0001\0002\000\040\000T\000I\000L\000E\000S\000E\000T\000\137\000P\000A\000T\000H}{subsection.5.4.2}% 347
\BOOKMARK [3][-]{subsubsection.5.4.2.13}{\376\377\0005\000.\0004\000.\0002\000.\0001\0003\000\040\000T\000I\000T\000L\000E}{subsection.5.4.2}% 348
\BOOKMARK [3][-]{subsubsection.5.4.2.14}{\376\377\0005\000.\0004\000.\0002\000.\0001\0004\000\040\000W\000A\000L\000L\000\137\000H\000I\000T\000\137\000P\000A\000T\000H}{subsection.5.4.2}% 349
\BOOKMARK [3][-]{subsubsection.5.4.2.15}{\376\377\0005\000.\0004\000.\0002\000.\0001\0005\000\040\000W\000I\000N\000\137\000P\000A\000T\000H}{subsection.5.4.2}% 350
\BOOKMARK [2][-]{subsection.5.4.3}{\376\377\0005\000.\0004\000.\0003\000\040\000D\000o\000k\000u\000m\000e\000n\000t\000a\000c\000j\000a\000\040\000f\000u\000n\000k\000c\000j\000i}{section.5.4}% 351
\BOOKMARK [3][-]{subsubsection.5.4.3.1}{\376\377\0005\000.\0004\000.\0003\000.\0001\000\040\000C\000O\000L\000O\000R\000\137\000B\000A\000L\000L\000\050\000\051}{subsection.5.4.3}% 352
\BOOKMARK [3][-]{subsubsection.5.4.3.2}{\376\377\0005\000.\0004\000.\0003\000.\0002\000\040\000C\000O\000L\000O\000R\000\137\000C\000O\000N\000C\000R\000E\000T\000E\000\050\000\051}{subsection.5.4.3}% 353
\BOOKMARK [3][-]{subsubsection.5.4.3.3}{\376\377\0005\000.\0004\000.\0003\000.\0003\000\040\000C\000O\000L\000O\000R\000\137\000C\000O\000R\000N\000E\000R\000\137\000L\000D\000\050\000\051}{subsection.5.4.3}% 354
\BOOKMARK [3][-]{subsubsection.5.4.3.4}{\376\377\0005\000.\0004\000.\0003\000.\0004\000\040\000C\000O\000L\000O\000R\000\137\000C\000O\000R\000N\000E\000R\000\137\000L\000U\000\050\000\051}{subsection.5.4.3}% 355
\BOOKMARK [3][-]{subsubsection.5.4.3.5}{\376\377\0005\000.\0004\000.\0003\000.\0005\000\040\000C\000O\000L\000O\000R\000\137\000C\000O\000R\000N\000E\000R\000\137\000R\000D\000\050\000\051}{subsection.5.4.3}% 356
\BOOKMARK [3][-]{subsubsection.5.4.3.6}{\376\377\0005\000.\0004\000.\0003\000.\0006\000\040\000C\000O\000L\000O\000R\000\137\000C\000O\000R\000N\000E\000R\000\137\000R\000U\000\050\000\051}{subsection.5.4.3}% 357
\BOOKMARK [3][-]{subsubsection.5.4.3.7}{\376\377\0005\000.\0004\000.\0003\000.\0007\000\040\000C\000O\000L\000O\000R\000\137\000G\000R\000A\000S\000S\000\050\000\051}{subsection.5.4.3}% 358
\BOOKMARK [3][-]{subsubsection.5.4.3.8}{\376\377\0005\000.\0004\000.\0003\000.\0008\000\040\000C\000O\000L\000O\000R\000\137\000H\000O\000L\000E\000\050\000\051}{subsection.5.4.3}% 359
\BOOKMARK [3][-]{subsubsection.5.4.3.9}{\376\377\0005\000.\0004\000.\0003\000.\0009\000\040\000C\000O\000L\000O\000R\000\137\000R\000A\000M\000P\000\137\000D\000O\000W\000N\000\050\000\051}{subsection.5.4.3}% 360
\BOOKMARK [3][-]{subsubsection.5.4.3.10}{\376\377\0005\000.\0004\000.\0003\000.\0001\0000\000\040\000C\000O\000L\000O\000R\000\137\000R\000A\000M\000P\000\137\000L\000\050\000\051}{subsection.5.4.3}% 361
\BOOKMARK [3][-]{subsubsection.5.4.3.11}{\376\377\0005\000.\0004\000.\0003\000.\0001\0001\000\040\000C\000O\000L\000O\000R\000\137\000R\000A\000M\000P\000\137\000R\000\050\000\051}{subsection.5.4.3}% 362
\BOOKMARK [3][-]{subsubsection.5.4.3.12}{\376\377\0005\000.\0004\000.\0003\000.\0001\0002\000\040\000C\000O\000L\000O\000R\000\137\000R\000A\000M\000P\000\137\000U\000P\000\050\000\051}{subsection.5.4.3}% 363
\BOOKMARK [3][-]{subsubsection.5.4.3.13}{\376\377\0005\000.\0004\000.\0003\000.\0001\0003\000\040\000C\000O\000L\000O\000R\000\137\000S\000A\000N\000D\000\050\000\051}{subsection.5.4.3}% 364
\BOOKMARK [3][-]{subsubsection.5.4.3.14}{\376\377\0005\000.\0004\000.\0003\000.\0001\0004\000\040\000C\000O\000L\000O\000R\000\137\000W\000A\000L\000L\000\137\000D\000O\000W\000N\000\050\000\051}{subsection.5.4.3}% 365
\BOOKMARK [3][-]{subsubsection.5.4.3.15}{\376\377\0005\000.\0004\000.\0003\000.\0001\0005\000\040\000C\000O\000L\000O\000R\000\137\000W\000A\000L\000L\000\137\000L\000\050\000\051}{subsection.5.4.3}% 366
\BOOKMARK [3][-]{subsubsection.5.4.3.16}{\376\377\0005\000.\0004\000.\0003\000.\0001\0006\000\040\000C\000O\000L\000O\000R\000\137\000W\000A\000L\000L\000\137\000R\000\050\000\051}{subsection.5.4.3}% 367
\BOOKMARK [3][-]{subsubsection.5.4.3.17}{\376\377\0005\000.\0004\000.\0003\000.\0001\0007\000\040\000C\000O\000L\000O\000R\000\137\000W\000A\000L\000L\000\137\000U\000P\000\050\000\051}{subsection.5.4.3}% 368
\BOOKMARK [3][-]{subsubsection.5.4.3.18}{\376\377\0005\000.\0004\000.\0003\000.\0001\0008\000\040\000C\000O\000L\000O\000R\000\137\000W\000A\000T\000E\000R\000\050\000\051}{subsection.5.4.3}% 369
\BOOKMARK [1][-]{section.5.5}{\376\377\0005\000.\0005\000\040\000D\000E\000F\000I\000N\000I\000T\000I\000O\000N\000S\000.\000h}{chapter.5}% 370
\BOOKMARK [1][-]{section.5.6}{\376\377\0005\000.\0006\000\040\000D\000o\000k\000u\000m\000e\000n\000t\000a\000c\000j\000a\000\040\000p\000l\000i\000k\000u\000\040\000F\000o\000n\000t\000M\000a\000n\000a\000g\000e\000r\000.\000c\000p\000p}{chapter.5}% 371
\BOOKMARK [1][-]{section.5.7}{\376\377\0005\000.\0007\000\040\000D\000o\000k\000u\000m\000e\000n\000t\000a\000c\000j\000a\000\040\000p\000l\000i\000k\000u\000\040\000F\000o\000n\000t\000M\000a\000n\000a\000g\000e\000r\000.\000h}{chapter.5}% 372
\BOOKMARK [1][-]{section.5.8}{\376\377\0005\000.\0008\000\040\000F\000o\000n\000t\000M\000a\000n\000a\000g\000e\000r\000.\000h}{chapter.5}% 373
\BOOKMARK [1][-]{section.5.9}{\376\377\0005\000.\0009\000\040\000D\000o\000k\000u\000m\000e\000n\000t\000a\000c\000j\000a\000\040\000p\000l\000i\000k\000u\000\040\000G\000a\000m\000e\000.\000c\000p\000p}{chapter.5}% 374
\BOOKMARK [1][-]{section.5.10}{\376\377\0005\000.\0001\0000\000\040\000D\000o\000k\000u\000m\000e\000n\000t\000a\000c\000j\000a\000\040\000p\000l\000i\000k\000u\000\040\000G\000a\000m\000e\000.\000h}{chapter.5}% 375
\BOOKMARK [2][-]{subsection.5.10.1}{\376\377\0005\000.\0001\0000\000.\0001\000\040\000D\000o\000k\000u\000m\000e\000n\000t\000a\000c\000j\000a\000\040\000d\000e\000f\000i\000n\000i\000c\000j\000i\000\040\000t\000y\000p\000\363\000w}{section.5.10}% 376
\BOOKMARK [3][-]{subsubsection.5.10.1.1}{\376\377\0005\000.\0001\0000\000.\0001\000.\0001\000\040\000G\000a\000m\000e\000D\000a\000t\000a\000R\000e\000f}{subsection.5.10.1}% 377
\BOOKMARK [1][-]{section.5.11}{\376\377\0005\000.\0001\0001\000\040\000G\000a\000m\000e\000.\000h}{chapter.5}% 378
\BOOKMARK [1][-]{section.5.12}{\376\377\0005\000.\0001\0002\000\040\000D\000o\000k\000u\000m\000e\000n\000t\000a\000c\000j\000a\000\040\000p\000l\000i\000k\000u\000\040\000G\000a\000m\000e\000O\000v\000e\000r\000S\000t\000a\000t\000e\000.\000c\000p\000p}{chapter.5}% 379
\BOOKMARK [1][-]{section.5.13}{\376\377\0005\000.\0001\0003\000\040\000D\000o\000k\000u\000m\000e\000n\000t\000a\000c\000j\000a\000\040\000p\000l\000i\000k\000u\000\040\000G\000a\000m\000e\000O\000v\000e\000r\000S\000t\000a\000t\000e\000.\000h}{chapter.5}% 380
\BOOKMARK [1][-]{section.5.14}{\376\377\0005\000.\0001\0004\000\040\000G\000a\000m\000e\000O\000v\000e\000r\000S\000t\000a\000t\000e\000.\000h}{chapter.5}% 381
\BOOKMARK [1][-]{section.5.15}{\376\377\0005\000.\0001\0005\000\040\000D\000o\000k\000u\000m\000e\000n\000t\000a\000c\000j\000a\000\040\000p\000l\000i\000k\000u\000\040\000G\000a\000m\000e\000S\000t\000a\000t\000e\000.\000c\000p\000p}{chapter.5}% 382
\BOOKMARK [1][-]{section.5.16}{\376\377\0005\000.\0001\0006\000\040\000D\000o\000k\000u\000m\000e\000n\000t\000a\000c\000j\000a\000\040\000p\000l\000i\000k\000u\000\040\000G\000a\000m\000e\000S\000t\000a\000t\000e\000.\000h}{chapter.5}% 383
\BOOKMARK [1][-]{section.5.17}{\376\377\0005\000.\0001\0007\000\040\000G\000a\000m\000e\000S\000t\000a\000t\000e\000.\000h}{chapter.5}% 384
\BOOKMARK [1][-]{section.5.18}{\376\377\0005\000.\0001\0008\000\040\000D\000o\000k\000u\000m\000e\000n\000t\000a\000c\000j\000a\000\040\000p\000l\000i\000k\000u\000\040\000I\000n\000p\000u\000t\000M\000a\000n\000a\000g\000e\000r\000.\000c\000p\000p}{chapter.5}% 385
\BOOKMARK [1][-]{section.5.19}{\376\377\0005\000.\0001\0009\000\040\000D\000o\000k\000u\000m\000e\000n\000t\000a\000c\000j\000a\000\040\000p\000l\000i\000k\000u\000\040\000I\000n\000p\000u\000t\000M\000a\000n\000a\000g\000e\000r\000.\000h}{chapter.5}% 386
\BOOKMARK [1][-]{section.5.20}{\376\377\0005\000.\0002\0000\000\040\000I\000n\000p\000u\000t\000M\000a\000n\000a\000g\000e\000r\000.\000h}{chapter.5}% 387
\BOOKMARK [1][-]{section.5.21}{\376\377\0005\000.\0002\0001\000\040\000D\000o\000k\000u\000m\000e\000n\000t\000a\000c\000j\000a\000\040\000p\000l\000i\000k\000u\000\040\000L\000e\000a\000d\000e\000r\000B\000o\000a\000r\000d\000S\000t\000a\000t\000e\000.\000c\000p\000p}{chapter.5}% 388
\BOOKMARK [1][-]{section.5.22}{\376\377\0005\000.\0002\0002\000\040\000D\000o\000k\000u\000m\000e\000n\000t\000a\000c\000j\000a\000\040\000p\000l\000i\000k\000u\000\040\000L\000e\000a\000d\000e\000r\000B\000o\000a\000r\000d\000S\000t\000a\000t\000e\000.\000h}{chapter.5}% 389
\BOOKMARK [1][-]{section.5.23}{\376\377\0005\000.\0002\0003\000\040\000L\000e\000a\000d\000e\000r\000B\000o\000a\000r\000d\000S\000t\000a\000t\000e\000.\000h}{chapter.5}% 390
\BOOKMARK [1][-]{section.5.24}{\376\377\0005\000.\0002\0004\000\040\000D\000o\000k\000u\000m\000e\000n\000t\000a\000c\000j\000a\000\040\000p\000l\000i\000k\000u\000\040\000L\000e\000v\000e\000l\000C\000o\000m\000p\000l\000e\000t\000e\000S\000t\000a\000t\000e\000.\000c\000p\000p}{chapter.5}% 391
\BOOKMARK [1][-]{section.5.25}{\376\377\0005\000.\0002\0005\000\040\000D\000o\000k\000u\000m\000e\000n\000t\000a\000c\000j\000a\000\040\000p\000l\000i\000k\000u\000\040\000L\000e\000v\000e\000l\000C\000o\000m\000p\000l\000e\000t\000e\000S\000t\000a\000t\000e\000.\000h}{chapter.5}% 392
\BOOKMARK [1][-]{section.5.26}{\376\377\0005\000.\0002\0006\000\040\000L\000e\000v\000e\000l\000C\000o\000m\000p\000l\000e\000t\000e\000S\000t\000a\000t\000e\000.\000h}{chapter.5}% 393
\BOOKMARK [1][-]{section.5.27}{\376\377\0005\000.\0002\0007\000\040\000D\000o\000k\000u\000m\000e\000n\000t\000a\000c\000j\000a\000\040\000p\000l\000i\000k\000u\000\040\000L\000e\000v\000e\000l\000M\000a\000n\000a\000g\000e\000r\000.\000c\000p\000p}{chapter.5}% 394
\BOOKMARK [1][-]{section.5.28}{\376\377\0005\000.\0002\0008\000\040\000D\000o\000k\000u\000m\000e\000n\000t\000a\000c\000j\000a\000\040\000p\000l\000i\000k\000u\000\040\000L\000e\000v\000e\000l\000M\000a\000n\000a\000g\000e\000r\000.\000h}{chapter.5}% 395
\BOOKMARK [1][-]{section.5.29}{\376\377\0005\000.\0002\0009\000\040\000L\000e\000v\000e\000l\000M\000a\000n\000a\000g\000e\000r\000.\000h}{chapter.5}% 396
\BOOKMARK [1][-]{section.5.30}{\376\377\0005\000.\0003\0000\000\040\000D\000o\000k\000u\000m\000e\000n\000t\000a\000c\000j\000a\000\040\000p\000l\000i\000k\000u\000\040\000L\000e\000v\000e\000l\000S\000e\000l\000e\000c\000t\000S\000t\000a\000t\000e\000.\000c\000p\000p}{chapter.5}% 397
\BOOKMARK [1][-]{section.5.31}{\376\377\0005\000.\0003\0001\000\040\000D\000o\000k\000u\000m\000e\000n\000t\000a\000c\000j\000a\000\040\000p\000l\000i\000k\000u\000\040\000L\000e\000v\000e\000l\000S\000e\000l\000e\000c\000t\000S\000t\000a\000t\000e\000.\000h}{chapter.5}% 398
\BOOKMARK [1][-]{section.5.32}{\376\377\0005\000.\0003\0002\000\040\000L\000e\000v\000e\000l\000S\000e\000l\000e\000c\000t\000S\000t\000a\000t\000e\000.\000h}{chapter.5}% 399
\BOOKMARK [1][-]{section.5.33}{\376\377\0005\000.\0003\0003\000\040\000D\000o\000k\000u\000m\000e\000n\000t\000a\000c\000j\000a\000\040\000p\000l\000i\000k\000u\000\040\000m\000a\000i\000n\000.\000c\000p\000p}{chapter.5}% 400
\BOOKMARK [2][-]{subsection.5.33.1}{\376\377\0005\000.\0003\0003\000.\0001\000\040\000D\000o\000k\000u\000m\000e\000n\000t\000a\000c\000j\000a\000\040\000f\000u\000n\000k\000c\000j\000i}{section.5.33}% 401
\BOOKMARK [3][-]{subsubsection.5.33.1.1}{\376\377\0005\000.\0003\0003\000.\0001\000.\0001\000\040\000m\000a\000i\000n\000\050\000\051}{subsection.5.33.1}% 402
\BOOKMARK [1][-]{section.5.34}{\376\377\0005\000.\0003\0004\000\040\000D\000o\000k\000u\000m\000e\000n\000t\000a\000c\000j\000a\000\040\000p\000l\000i\000k\000u\000\040\000M\000a\000i\000n\000M\000e\000n\000u\000S\000t\000a\000t\000e\000.\000c\000p\000p}{chapter.5}% 403
\BOOKMARK [1][-]{section.5.35}{\376\377\0005\000.\0003\0005\000\040\000D\000o\000k\000u\000m\000e\000n\000t\000a\000c\000j\000a\000\040\000p\000l\000i\000k\000u\000\040\000M\000a\000i\000n\000M\000e\000n\000u\000S\000t\000a\000t\000e\000.\000h}{chapter.5}% 404
\BOOKMARK [1][-]{section.5.36}{\376\377\0005\000.\0003\0006\000\040\000M\000a\000i\000n\000M\000e\000n\000u\000S\000t\000a\000t\000e\000.\000h}{chapter.5}% 405
\BOOKMARK [1][-]{section.5.37}{\376\377\0005\000.\0003\0007\000\040\000D\000o\000k\000u\000m\000e\000n\000t\000a\000c\000j\000a\000\040\000p\000l\000i\000k\000u\000\040\000P\000a\000u\000s\000e\000M\000e\000n\000u\000S\000t\000a\000t\000e\000.\000c\000p\000p}{chapter.5}% 406
\BOOKMARK [1][-]{section.5.38}{\376\377\0005\000.\0003\0008\000\040\000D\000o\000k\000u\000m\000e\000n\000t\000a\000c\000j\000a\000\040\000p\000l\000i\000k\000u\000\040\000P\000a\000u\000s\000e\000M\000e\000n\000u\000S\000t\000a\000t\000e\000.\000h}{chapter.5}% 407
\BOOKMARK [1][-]{section.5.39}{\376\377\0005\000.\0003\0009\000\040\000P\000a\000u\000s\000e\000M\000e\000n\000u\000S\000t\000a\000t\000e\000.\000h}{chapter.5}% 408
\BOOKMARK [1][-]{section.5.40}{\376\377\0005\000.\0004\0000\000\040\000D\000o\000k\000u\000m\000e\000n\000t\000a\000c\000j\000a\000\040\000p\000l\000i\000k\000u\000\040\000R\000e\000s\000o\000u\000r\000c\000e\000M\000a\000n\000a\000g\000e\000r\000.\000c\000p\000p}{chapter.5}% 409
\BOOKMARK [1][-]{section.5.41}{\376\377\0005\000.\0004\0001\000\040\000D\000o\000k\000u\000m\000e\000n\000t\000a\000c\000j\000a\000\040\000p\000l\000i\000k\000u\000\040\000R\000e\000s\000o\000u\000r\000c\000e\000M\000a\000n\000a\000g\000e\000r\000.\000h}{chapter.5}% 410
\BOOKMARK [1][-]{section.5.42}{\376\377\0005\000.\0004\0002\000\040\000R\000e\000s\000o\000u\000r\000c\000e\000M\000a\000n\000a\000g\000e\000r\000.\000h}{chapter.5}% 411
\BOOKMARK [1][-]{section.5.43}{\376\377\0005\000.\0004\0003\000\040\000D\000o\000k\000u\000m\000e\000n\000t\000a\000c\000j\000a\000\040\000p\000l\000i\000k\000u\000\040\000S\000a\000v\000e\000M\000a\000n\000a\000g\000e\000r\000.\000c\000p\000p}{chapter.5}% 412
\BOOKMARK [1][-]{section.5.44}{\376\377\0005\000.\0004\0004\000\040\000D\000o\000k\000u\000m\000e\000n\000t\000a\000c\000j\000a\000\040\000p\000l\000i\000k\000u\000\040\000S\000a\000v\000e\000M\000a\000n\000a\000g\000e\000r\000.\000h}{chapter.5}% 413
\BOOKMARK [1][-]{section.5.45}{\376\377\0005\000.\0004\0005\000\040\000S\000a\000v\000e\000M\000a\000n\000a\000g\000e\000r\000.\000h}{chapter.5}% 414
\BOOKMARK [1][-]{section.5.46}{\376\377\0005\000.\0004\0006\000\040\000D\000o\000k\000u\000m\000e\000n\000t\000a\000c\000j\000a\000\040\000p\000l\000i\000k\000u\000\040\000S\000o\000u\000n\000d\000M\000a\000n\000a\000g\000e\000r\000.\000c\000p\000p}{chapter.5}% 415
\BOOKMARK [1][-]{section.5.47}{\376\377\0005\000.\0004\0007\000\040\000D\000o\000k\000u\000m\000e\000n\000t\000a\000c\000j\000a\000\040\000p\000l\000i\000k\000u\000\040\000S\000o\000u\000n\000d\000M\000a\000n\000a\000g\000e\000r\000.\000h}{chapter.5}% 416
\BOOKMARK [1][-]{section.5.48}{\376\377\0005\000.\0004\0008\000\040\000S\000o\000u\000n\000d\000M\000a\000n\000a\000g\000e\000r\000.\000h}{chapter.5}% 417
\BOOKMARK [1][-]{section.5.49}{\376\377\0005\000.\0004\0009\000\040\000D\000o\000k\000u\000m\000e\000n\000t\000a\000c\000j\000a\000\040\000p\000l\000i\000k\000u\000\040\000S\000t\000a\000t\000e\000.\000h}{chapter.5}% 418
\BOOKMARK [1][-]{section.5.50}{\376\377\0005\000.\0005\0000\000\040\000S\000t\000a\000t\000e\000.\000h}{chapter.5}% 419
\BOOKMARK [1][-]{section.5.51}{\376\377\0005\000.\0005\0001\000\040\000D\000o\000k\000u\000m\000e\000n\000t\000a\000c\000j\000a\000\040\000p\000l\000i\000k\000u\000\040\000S\000t\000a\000t\000e\000M\000a\000n\000a\000g\000e\000r\000.\000c\000p\000p}{chapter.5}% 420
\BOOKMARK [1][-]{section.5.52}{\376\377\0005\000.\0005\0002\000\040\000D\000o\000k\000u\000m\000e\000n\000t\000a\000c\000j\000a\000\040\000p\000l\000i\000k\000u\000\040\000S\000t\000a\000t\000e\000M\000a\000n\000a\000g\000e\000r\000.\000h}{chapter.5}% 421
\BOOKMARK [2][-]{subsection.5.52.1}{\376\377\0005\000.\0005\0002\000.\0001\000\040\000D\000o\000k\000u\000m\000e\000n\000t\000a\000c\000j\000a\000\040\000d\000e\000f\000i\000n\000i\000c\000j\000i\000\040\000t\000y\000p\000\363\000w}{section.5.52}% 422
\BOOKMARK [3][-]{subsubsection.5.52.1.1}{\376\377\0005\000.\0005\0002\000.\0001\000.\0001\000\040\000S\000t\000a\000t\000e\000R\000e\000f}{subsection.5.52.1}% 423
\BOOKMARK [1][-]{section.5.53}{\376\377\0005\000.\0005\0003\000\040\000S\000t\000a\000t\000e\000M\000a\000n\000a\000g\000e\000r\000.\000h}{chapter.5}% 424
\BOOKMARK [1][-]{section.5.54}{\376\377\0005\000.\0005\0004\000\040\000D\000o\000k\000u\000m\000e\000n\000t\000a\000c\000j\000a\000\040\000p\000l\000i\000k\000u\000\040\000T\000e\000x\000t\000u\000r\000e\000M\000a\000n\000a\000g\000e\000r\000.\000c\000p\000p}{chapter.5}% 425
\BOOKMARK [1][-]{section.5.55}{\376\377\0005\000.\0005\0005\000\040\000D\000o\000k\000u\000m\000e\000n\000t\000a\000c\000j\000a\000\040\000p\000l\000i\000k\000u\000\040\000T\000e\000x\000t\000u\000r\000e\000M\000a\000n\000a\000g\000e\000r\000.\000h}{chapter.5}% 426
\BOOKMARK [1][-]{section.5.56}{\376\377\0005\000.\0005\0006\000\040\000T\000e\000x\000t\000u\000r\000e\000M\000a\000n\000a\000g\000e\000r\000.\000h}{chapter.5}% 427
\BOOKMARK [1][-]{section.5.57}{\376\377\0005\000.\0005\0007\000\040\000D\000o\000k\000u\000m\000e\000n\000t\000a\000c\000j\000a\000\040\000p\000l\000i\000k\000u\000\040\000T\000i\000l\000e\000M\000a\000p\000.\000c\000p\000p}{chapter.5}% 428
\BOOKMARK [1][-]{section.5.58}{\376\377\0005\000.\0005\0008\000\040\000D\000o\000k\000u\000m\000e\000n\000t\000a\000c\000j\000a\000\040\000p\000l\000i\000k\000u\000\040\000T\000i\000l\000e\000M\000a\000p\000.\000h}{chapter.5}% 429
\BOOKMARK [1][-]{section.5.59}{\376\377\0005\000.\0005\0009\000\040\000T\000i\000l\000e\000M\000a\000p\000.\000h}{chapter.5}% 430
\BOOKMARK [0][-]{section*.257}{\376\377\000S\000k\000o\000r\000o\000w\000i\000d\000z}{}% 431
